17:04:31| --------------------------------------------------------------------------------
17:04:31| Primes: 100
17:04:31| 599308313936907 is not prime
17:04:31| 359794379951527 is not prime
17:04:31| 847271929655587 is not prime
17:04:31| 371155356920217 is not prime
17:04:31| 127700124870801 is not prime
17:04:31| 187066293275121 is not prime
17:04:31| 560467456006467 is not prime
17:04:31| 277730762696957 is not prime
17:04:31| 946566018128007 is not prime
17:04:31| 190182759542837 is not prime
17:04:31| 875592432376279 is not prime
17:04:31| 612935924250193 is not prime
17:04:31| 927102152310333 is not prime
17:04:31| 250555096765297 is not prime
17:04:31| 59036324032487 is not prime
17:04:31| 889431846104469 is not prime
17:04:31| 811934549021991 is not prime
17:04:31| 139847774570639 is prime
17:04:31| 300962672262341 is not prime
17:04:31| 126499379328319 is not prime
17:04:31| 528915832006551 is not prime
17:04:31| 304600652814933 is not prime
17:04:31| 554238371662923 is not prime
17:04:31| 726731432804557 is not prime
17:04:31| 336779687241581 is not prime
17:04:31| 285975234724671 is not prime
17:04:31| 280110441595459 is not prime
17:04:31| 521659415812747 is not prime
17:04:31| 667949570021569 is not prime
17:04:31| 596053381998191 is not prime
17:04:31| 676623904119477 is not prime
17:04:31| 196213850372787 is not prime
17:04:31| 295184446115499 is not prime
17:04:31| 613966404882931 is prime
17:04:31| 917164295411317 is not prime
17:04:31| 709037869357313 is not prime
17:04:31| 246373643683167 is not prime
17:04:31| 918142037021041 is not prime
17:04:31| 243023883994097 is not prime
17:04:31| 835962207127553 is not prime
17:04:31| 859455259483273 is not prime
17:04:31| 766053815688969 is not prime
17:04:31| 145442069205183 is not prime
17:04:31| 149737429821323 is not prime
17:04:31| 664956265914391 is not prime
17:04:31| 897531636482037 is not prime
17:04:31| 560534884325371 is not prime
17:04:31| 535816285592313 is not prime
17:04:31| 790019443216847 is not prime
17:04:31| 499006288787491 is not prime
17:04:31| 644244933494157 is not prime
17:04:31| 634050831357427 is not prime
17:04:31| 773816889316429 is not prime
17:04:31| 224322119091233 is not prime
17:04:31| 475200833439621 is not prime
17:04:31| 468926398326987 is not prime
17:04:31| 238303513629777 is not prime
17:04:31| 193997649794121 is not prime
17:04:31| 442028979843503 is not prime
17:04:31| 523472223768203 is not prime
17:04:31| 664072413042479 is not prime
17:04:31| 913762257789409 is not prime
17:04:31| 800324571912587 is not prime
17:04:31| 618998715019079 is not prime
17:04:31| 870062595927437 is not prime
17:04:31| 92992860333359 is not prime
17:04:31| 864400042171347 is not prime
17:04:31| 619187836970743 is not prime
17:04:31| 436817526407547 is not prime
17:04:31| 941922176373887 is not prime
17:04:31| 392734204833783 is not prime
17:04:31| 360963092937717 is not prime
17:04:31| 597424742192047 is not prime
17:04:31| 460084389702699 is not prime
17:04:31| 63986121889513 is not prime
17:04:31| 974619325775529 is not prime
17:04:31| 643339123210079 is not prime
17:04:31| 535212171500567 is not prime
17:04:31| 619224807040029 is not prime
17:04:31| 101072700476373 is not prime
17:04:31| 548869122804067 is not prime
17:04:31| 655977825262267 is not prime
17:04:31| 417334824857357 is not prime
17:04:31| 144768629147147 is not prime
17:04:31| 859013197000009 is prime
17:04:31| 151886527364531 is not prime
17:04:31| 217324682150829 is not prime
17:04:31| 558313827464287 is not prime
17:04:31| 82578029163497 is not prime
17:04:31| 148753512014177 is not prime
17:04:31| 202331041655177 is not prime
17:04:31| 850414975979227 is not prime
17:04:31| 821981959522201 is not prime
17:04:31| 513306973824673 is not prime
17:04:31| 732011831346827 is not prime
17:04:31| 247000479692027 is not prime
17:04:31| 987787676534851 is not prime
17:04:31| 432497312500481 is not prime
17:04:31| 828038252551877 is prime
17:04:31| 956255958308513 is prime
17:04:31|  
17:04:31| --------------------------------------------------------------------------------
17:04:31| Words: 100
17:04:31| falseify not found
17:04:31| cancer not found
17:04:31| psychology not found
17:04:31| salty not found
17:04:31| milky not found
17:04:31| brother not found
17:04:31| lamentable not found
17:04:31| betray not found
17:04:31| gate not found
17:04:31| nomination not found
17:04:31| minimum not found
17:04:31| panoramic not found
17:04:31| relaxation not found
17:04:31| annoying not found
17:04:31| store not found
17:04:31| pail not found
17:04:31| exploration not found
17:04:31| puncture not found
17:04:31| measure not found
17:04:31| help not found
17:04:31| coat not found
17:04:31| growth not found
17:04:31| pushy not found
17:04:31| evaneszent not found
17:04:31| inquiry not found
17:04:31| jealous not found
17:04:31| kettle not found
17:04:31| inject not found
17:04:31| side not found
17:04:31| conglomerate not found
17:04:31| threat not found
17:04:31| comeau not found
17:04:31| marsh not found
17:04:31| purple not found
17:04:31| aairplane not found
17:04:31| strange not found
17:04:31| burn not found
17:04:31| enlarge not found
17:04:31| bucket not found
17:04:31| witness not found
17:04:31| cheat not found
17:04:31| excavate not found
17:04:31| hissing not found
17:04:31| old-fashioned not found
17:04:31| bad not found
17:04:31| park not found
17:04:31| yearn not found
17:04:31| amber not found
17:04:31| brainy not found
17:04:31| latest not found
17:04:31| install not found
17:04:31| thunder not found
17:04:31| fantasy not found
17:04:31| ratty not found
17:04:31| snake not found
17:04:31| ill-fated not found
17:04:31| shoe not found
17:04:31| private not found
17:04:31| angwer not found
17:04:31| jelly not found
17:04:31| aboard not found
17:04:31| regret not found
17:04:31| confess not found
17:04:31| bed not found
17:04:31| migration not found
17:04:31| pastoral not found
17:04:31| deall not found
17:04:31| theorist not found
17:04:31| liberal not found
17:04:31| export not found
17:04:31| swdanky not found
17:04:31| teeny-tiny not found
17:04:31| fine not found
17:04:31| shiver not found
17:04:31| greeting not found
17:04:31| possible not found
17:04:31| leaf not found
17:04:31| welfare not found
17:04:31| industry not found
17:04:31| genuine not found
17:04:31| fang not found
17:04:31| detail not found
17:04:31| charge not found
17:04:31| rise not found
17:04:31| cruel not found
17:04:31| discover not found
17:04:31| jumpy not found
17:04:31| vessel not found
17:04:31| potato not found
17:04:31| end not found
17:04:31| ignite not found
17:04:31| man not found
17:04:31| taste not found
17:04:31| amusement not found
17:04:31| recycle not found
17:04:31| flesh not found
17:04:31| revise not found
17:04:31| stream not found
17:04:31| boundless not found
17:04:31| tent not found
17:04:31|  
17:04:31| --------------------------------------------------------------------------------
17:04:31| Uppercase: 100
17:04:31| marsh ==> MARSH
17:04:31| industry ==> INDUSTRY
17:04:31| excavate ==> EXCAVATE
17:04:31| amber ==> AMBER
17:04:31| store ==> STORE
17:04:31| amusement ==> AMUSEMENT
17:04:31| vessel ==> VESSEL
17:04:31| taste ==> TASTE
17:04:31| betray ==> BETRAY
17:04:31| panoramic ==> PANORAMIC
17:04:31| latest ==> LATEST
17:04:31| brother ==> BROTHER
17:04:31| hissing ==> HISSING
17:04:31| cruel ==> CRUEL
17:04:31| relaxation ==> RELAXATION
17:04:31| fine ==> FINE
17:04:31| park ==> PARK
17:04:31| ratty ==> RATTY
17:04:31| purple ==> PURPLE
17:04:31| pail ==> PAIL
17:04:31| man ==> MAN
17:04:31| rise ==> RISE
17:04:31| measure ==> MEASURE
17:04:31| flesh ==> FLESH
17:04:31| growth ==> GROWTH
17:04:31| nomination ==> NOMINATION
17:04:31| recycle ==> RECYCLE
17:04:31| bed ==> BED
17:04:31| tent ==> TENT
17:04:31| angwer ==> ANGWER
17:04:31| old-fashioned ==> OLD-FASHIONED
17:04:31| burn ==> BURN
17:04:31| possible ==> POSSIBLE
17:04:31| conglomerate ==> CONGLOMERATE
17:04:31| fantasy ==> FANTASY
17:04:31| confess ==> CONFESS
17:04:31| aairplane ==> AAIRPLANE
17:04:31| falseify ==> FALSEIFY
17:04:31| brainy ==> BRAINY
17:04:31| puncture ==> PUNCTURE
17:04:31| thunder ==> THUNDER
17:04:31| potato ==> POTATO
17:04:31| strange ==> STRANGE
17:04:31| psychology ==> PSYCHOLOGY
17:04:31| lamentable ==> LAMENTABLE
17:04:31| annoying ==> ANNOYING
17:04:31| gate ==> GATE
17:04:31| inquiry ==> INQUIRY
17:04:31| help ==> HELP
17:04:31| theorist ==> THEORIST
17:04:31| coat ==> COAT
17:04:31| pastoral ==> PASTORAL
17:04:31| pushy ==> PUSHY
17:04:31| cheat ==> CHEAT
17:04:31| comeau ==> COMEAU
17:04:31| bucket ==> BUCKET
17:04:31| leaf ==> LEAF
17:04:31| migration ==> MIGRATION
17:04:31| yearn ==> YEARN
17:04:31| regret ==> REGRET
17:04:31| genuine ==> GENUINE
17:04:31| witness ==> WITNESS
17:04:31| revise ==> REVISE
17:04:31| milky ==> MILKY
17:04:31| swdanky ==> SWDANKY
17:04:31| minimum ==> MINIMUM
17:04:31| aboard ==> ABOARD
17:04:31| stream ==> STREAM
17:04:31| export ==> EXPORT
17:04:31| inject ==> INJECT
17:04:31| welfare ==> WELFARE
17:04:31| boundless ==> BOUNDLESS
17:04:31| install ==> INSTALL
17:04:31| ill-fated ==> ILL-FATED
17:04:31| cancer ==> CANCER
17:04:31| fang ==> FANG
17:04:31| discover ==> DISCOVER
17:04:31| teeny-tiny ==> TEENY-TINY
17:04:31| jelly ==> JELLY
17:04:31| shoe ==> SHOE
17:04:31| private ==> PRIVATE
17:04:31| threat ==> THREAT
17:04:31| liberal ==> LIBERAL
17:04:31| detail ==> DETAIL
17:04:31| side ==> SIDE
17:04:31| exploration ==> EXPLORATION
17:04:31| salty ==> SALTY
17:04:31| greeting ==> GREETING
17:04:31| evaneszent ==> EVANESZENT
17:04:31| ignite ==> IGNITE
17:04:31| end ==> END
17:04:31| enlarge ==> ENLARGE
17:04:31| jealous ==> JEALOUS
17:04:31| kettle ==> KETTLE
17:04:31| jumpy ==> JUMPY
17:04:31| deall ==> DEALL
17:04:31| snake ==> SNAKE
17:04:31| charge ==> CHARGE
17:04:31| shiver ==> SHIVER
17:04:31| bad ==> BAD
17:04:31|  
17:04:31| --------------------------------------------------------------------------------
17:04:31| Sums: 100
17:04:31| sum of 654 to 3374963 = 5695185724672
17:04:31| sum of 939 to 2959231 = 4378522135674
17:04:31| sum of 704 to 3131364 = 4902718437110
17:04:31| sum of 643 to 6869180 = 23592813295207
17:04:31| sum of 532 to 1401579 = 982211004585
17:04:31| sum of 91 to 933156 = 435389589495
17:04:31| sum of 875 to 3665598 = 6718302133628
17:04:31| sum of 604 to 2956442 = 4370272989355
17:04:31| sum of 420 to 7229609 = 26133619443646
17:04:31| sum of 222 to 1133134 = 641995739880
17:04:31| sum of 82 to 4400127 = 9680556604680
17:04:31| sum of 60 to 3652419 = 6670080447801
17:04:31| sum of 52 to 3635012 = 6606654301240
17:04:31| sum of 385 to 1364828 = 931376978458
17:04:31| sum of 553 to 6980792 = 24365724830608
17:04:31| sum of 739 to 8576166 = 36775307069004
17:04:31| sum of 226 to 4414816 = 9745297924095
17:04:31| sum of 918 to 5800679 = 16823935109278
17:04:31| sum of 175 to 9901074 = 49015628210976
17:04:31| sum of 953 to 4961595 = 12308709537587
17:04:31| sum of 397 to 2642572 = 3491591987700
17:04:31| sum of 941 to 6424838 = 20639268008433
17:04:31| sum of 532 to 4631084 = 10723467050740
17:04:31| sum of 243 to 9975103 = 49751334913350
17:04:31| sum of 580 to 5947905 = 17688783802650
17:04:31| sum of 680 to 4347835 = 9451832188835
17:04:31| sum of 885 to 5880443 = 17289801606733
17:04:31| sum of 792 to 5251601 = 13789653592564
17:04:31| sum of 490 to 6334279 = 20061541937976
17:04:31| sum of 606 to 6878293 = 23655453674463
17:04:31| sum of 557 to 416644 = 86795748200
17:04:31| sum of 722 to 8366119 = 34995969117740
17:04:31| sum of 460 to 4370053 = 9548679320808
17:04:31| sum of 531 to 7795600 = 30385685641485
17:04:31| sum of 620 to 3332559 = 5552972886071
17:04:31| sum of 204 to 8268125 = 34180941353044
17:04:31| sum of 419 to 1412385 = 997414900349
17:04:31| sum of 284 to 3715210 = 6901390774259
17:04:31| sum of 128 to 3795201 = 7201773409472
17:04:31| sum of 978 to 3538820 = 6261621249037
17:04:31| sum of 34 to 261691 = 34240958334
17:04:31| sum of 380 to 4099362 = 8402382281831
17:04:31| sum of 474 to 2280866 = 2601173602444
17:04:31| sum of 976 to 6067639 = 18408118007541
17:04:31| sum of 222 to 5708367 = 16292724024630
17:04:31| sum of 586 to 5910160 = 17464992486315
17:04:31| sum of 958 to 286231 = 40963491162
17:04:31| sum of 828 to 506734 = 128389077633
17:04:31| sum of 190 to 1033785 = 534355178265
17:04:31| sum of 819 to 1475736 = 1088897298009
17:04:31| sum of 679 to 3877778 = 7518578939572
17:04:31| sum of 306 to 7897848 = 31187997519963
17:04:31| sum of 909 to 8039480 = 32316614902774
17:04:31| sum of 391 to 815458 = 332485390908
17:04:31| sum of 179 to 4301585 = 9251814589389
17:04:31| sum of 429 to 9798125 = 48001621766944
17:04:31| sum of 328 to 3370157 = 5678977363618
17:04:31| sum of 174 to 9736344 = 47398192359945
17:04:31| sum of 811 to 4008604 = 8034450681651
17:04:31| sum of 229 to 4267714 = 9106689232935
17:04:31| sum of 360 to 7005305 = 24537145504240
17:04:31| sum of 110 to 7928969 = 31434270731001
17:04:31| sum of 620 to 5513718 = 15200540143013
17:04:31| sum of 159 to 9701654 = 47061040304470
17:04:31| sum of 226 to 7310215 = 26719617992580
17:04:31| sum of 610 to 7352835 = 27032087406450
17:04:31| sum of 726 to 5104328 = 13027079350453
17:04:31| sum of 296 to 3012644 = 4538010385386
17:04:31| sum of 353 to 9586066 = 45946325823017
17:04:31| sum of 435 to 164871 = 13591046490
17:04:31| sum of 657 to 4188142 = 8770264396515
17:04:31| sum of 325 to 5297139 = 14029838091441
17:04:31| sum of 677 to 1350586 = 912040367579
17:04:31| sum of 489 to 7761602 = 30121228803085
17:04:31| sum of 919 to 2729609 = 3725380859815
17:04:31| sum of 35 to 9828794 = 48302590832226
17:04:31| sum of 503 to 5468459 = 14952019056858
17:04:31| sum of 496 to 940237 = 442022215206
17:04:31| sum of 705 to 1518848 = 1153448615968
17:04:31| sum of 62 to 6492542 = 21076547562720
17:04:31| sum of 825 to 6489490 = 21056736645405
17:04:31| sum of 540 to 2223857 = 2472768720766
17:04:31| sum of 487 to 8996223 = 40466009516412
17:04:31| sum of 312 to 5708558 = 16293814316887
17:04:31| sum of 973 to 1404008 = 985618057150
17:04:31| sum of 441 to 1054412 = 555891708646
17:04:31| sum of 557 to 5097414 = 12991812040145
17:04:31| sum of 474 to 1002817 = 502820354235
17:04:31| sum of 385 to 3731960 = 6963760780900
17:04:31| sum of 749 to 6346035 = 20136076657469
17:04:31| sum of 41 to 3361140 = 5648629368410
17:04:31| sum of 893 to 4756482 = 11312057731643
17:04:31| sum of 577 to 5009910 = 12549596432919
17:04:31| sum of 640 to 8199046 = 33612173351055
17:04:31| sum of 221 to 6693362 = 22400544060531
17:04:31| sum of 644 to 5509843 = 15179181980357
17:04:31| sum of 367 to 7746807 = 30006505407060
17:04:31| sum of 66 to 711330 = 252994826640
17:04:31| sum of 975 to 7852358 = 30829758679078
17:04:31| sum of 6 to 3483195 = 6066321962400
17:04:31|  
17:04:31| --------------------------------------------------------------------------------
17:04:31| Names: 34
17:04:31| http://swapi.dev/api/people/55/ has name Adi Gallia
17:04:31| http://swapi.dev/api/people/7/ has name Beru Whitesun lars
17:04:31| http://swapi.dev/api/people/53/ has name Kit Fisto
17:04:31| http://swapi.dev/api/people/4/ has name Darth Vader
17:04:31| http://swapi.dev/api/people/52/ has name Ki-Adi-Mundi
17:04:31| http://swapi.dev/api/people/58/ has name Plo Koon
17:04:31| http://swapi.dev/api/people/12/ has name Wilhuff Tarkin
17:04:31| http://swapi.dev/api/people/1/ has name Luke Skywalker
17:04:31| http://swapi.dev/api/people/81/ has name Raymus Antilles
17:04:31| http://swapi.dev/api/people/5/ has name Leia Organa
17:04:31| http://swapi.dev/api/people/80/ has name Tarfful
17:04:31| http://swapi.dev/api/people/67/ has name Dooku
17:04:31| http://swapi.dev/api/people/82/ has name Sly Moore
17:04:31| http://swapi.dev/api/people/35/ has name Padmé Amidala
17:04:31| http://swapi.dev/api/people/56/ has name Saesee Tiin
17:04:31| http://swapi.dev/api/people/54/ has name Eeth Koth
17:04:31| http://swapi.dev/api/people/33/ has name Nute Gunray
17:04:31| http://swapi.dev/api/people/79/ has name Grievous
17:04:31| http://swapi.dev/api/people/13/ has name Chewbacca
17:04:31| http://swapi.dev/api/people/63/ has name Poggle the Lesser
17:04:31| http://swapi.dev/api/people/78/ has name Shaak Ti
17:04:31| http://swapi.dev/api/people/20/ has name Yoda
17:04:31| http://swapi.dev/api/people/83/ has name Tion Medon
17:04:31| http://swapi.dev/api/people/11/ has name Anakin Skywalker
17:04:31| http://swapi.dev/api/people/51/ has name Mace Windu
17:04:31| http://swapi.dev/api/people/68/ has name Bail Prestor Organa
17:04:31| http://swapi.dev/api/people/6/ has name Owen Lars
17:04:31| http://swapi.dev/api/people/64/ has name Luminara Unduli
17:04:31| http://swapi.dev/api/people/46/ has name Ayla Secura
17:04:31| http://swapi.dev/api/people/75/ has name R4-P17
17:04:31| http://swapi.dev/api/people/3/ has name R2-D2
17:04:31| http://swapi.dev/api/people/2/ has name C-3PO
17:04:31| http://swapi.dev/api/people/21/ has name Palpatine
17:04:31| http://swapi.dev/api/people/10/ has name Obi-Wan Kenobi
17:04:31|  
17:04:31| Primes: 100
17:04:31| Words: 100
17:04:31| Uppercase: 100
17:04:31| Sums: 100
17:04:31| Names: 34
17:04:31| Finished processes 434 tasks = 15.74821160
