16:57:56| --------------------------------------------------------------------------------
16:57:56| Primes: 1
16:57:56| 617185517107683 is not prime
16:57:56|  
16:57:56| --------------------------------------------------------------------------------
16:57:56| Words: 1
16:57:56| vessel not found
16:57:56|  
16:57:56| --------------------------------------------------------------------------------
16:57:56| Uppercase: 1
16:57:56| vessel ==> VESSEL
16:57:56|  
16:57:56| --------------------------------------------------------------------------------
16:57:56| Sums: 1
16:57:56| sum of 677 to 1494917 = 1117387442160
16:57:56|  
16:57:56| --------------------------------------------------------------------------------
16:57:56| Names: 1
16:57:56| http://swapi.dev/api/people/2/ has name C-3PO
16:57:56|  
16:57:56| Primes: 1
16:57:56| Words: 1
16:57:56| Uppercase: 1
16:57:56| Sums: 1
16:57:56| Names: 1
16:57:56| Finished processes 5 tasks = 2.24996810
