16:59:47| --------------------------------------------------------------------------------
16:59:47| Primes: 100
16:59:47| 599308313936907 is not prime
16:59:47| 359794379951527 is not prime
16:59:47| 847271929655587 is not prime
16:59:47| 371155356920217 is not prime
16:59:47| 127700124870801 is not prime
16:59:47| 187066293275121 is not prime
16:59:47| 560467456006467 is not prime
16:59:47| 277730762696957 is not prime
16:59:47| 946566018128007 is not prime
16:59:47| 190182759542837 is not prime
16:59:47| 875592432376279 is not prime
16:59:47| 612935924250193 is not prime
16:59:47| 927102152310333 is not prime
16:59:47| 250555096765297 is not prime
16:59:47| 59036324032487 is not prime
16:59:47| 889431846104469 is not prime
16:59:47| 811934549021991 is not prime
16:59:47| 139847774570639 is prime
16:59:47| 613966404882931 is prime
16:59:47| 300962672262341 is not prime
16:59:47| 126499379328319 is not prime
16:59:47| 528915832006551 is not prime
16:59:47| 304600652814933 is not prime
16:59:47| 554238371662923 is not prime
16:59:47| 726731432804557 is not prime
16:59:47| 336779687241581 is not prime
16:59:47| 285975234724671 is not prime
16:59:47| 280110441595459 is not prime
16:59:47| 521659415812747 is not prime
16:59:47| 667949570021569 is not prime
16:59:47| 596053381998191 is not prime
16:59:47| 676623904119477 is not prime
16:59:47| 196213850372787 is not prime
16:59:47| 295184446115499 is not prime
16:59:47| 859013197000009 is prime
16:59:47| 917164295411317 is not prime
16:59:47| 709037869357313 is not prime
16:59:47| 246373643683167 is not prime
16:59:47| 918142037021041 is not prime
16:59:47| 243023883994097 is not prime
16:59:47| 835962207127553 is not prime
16:59:47| 859455259483273 is not prime
16:59:47| 766053815688969 is not prime
16:59:47| 145442069205183 is not prime
16:59:47| 149737429821323 is not prime
16:59:47| 664956265914391 is not prime
16:59:47| 897531636482037 is not prime
16:59:47| 560534884325371 is not prime
16:59:47| 535816285592313 is not prime
16:59:47| 790019443216847 is not prime
16:59:47| 499006288787491 is not prime
16:59:47| 644244933494157 is not prime
16:59:47| 634050831357427 is not prime
16:59:47| 773816889316429 is not prime
16:59:47| 224322119091233 is not prime
16:59:47| 475200833439621 is not prime
16:59:47| 468926398326987 is not prime
16:59:47| 238303513629777 is not prime
16:59:47| 193997649794121 is not prime
16:59:47| 442028979843503 is not prime
16:59:47| 523472223768203 is not prime
16:59:47| 664072413042479 is not prime
16:59:47| 913762257789409 is not prime
16:59:47| 800324571912587 is not prime
16:59:47| 618998715019079 is not prime
16:59:47| 870062595927437 is not prime
16:59:47| 92992860333359 is not prime
16:59:47| 864400042171347 is not prime
16:59:47| 619187836970743 is not prime
16:59:47| 436817526407547 is not prime
16:59:47| 941922176373887 is not prime
16:59:47| 392734204833783 is not prime
16:59:47| 360963092937717 is not prime
16:59:47| 597424742192047 is not prime
16:59:47| 460084389702699 is not prime
16:59:47| 63986121889513 is not prime
16:59:47| 974619325775529 is not prime
16:59:47| 643339123210079 is not prime
16:59:47| 535212171500567 is not prime
16:59:47| 619224807040029 is not prime
16:59:47| 101072700476373 is not prime
16:59:47| 548869122804067 is not prime
16:59:47| 655977825262267 is not prime
16:59:47| 417334824857357 is not prime
16:59:47| 144768629147147 is not prime
16:59:47| 828038252551877 is prime
16:59:47| 151886527364531 is not prime
16:59:47| 217324682150829 is not prime
16:59:47| 558313827464287 is not prime
16:59:47| 82578029163497 is not prime
16:59:47| 148753512014177 is not prime
16:59:47| 202331041655177 is not prime
16:59:47| 850414975979227 is not prime
16:59:47| 821981959522201 is not prime
16:59:47| 513306973824673 is not prime
16:59:47| 732011831346827 is not prime
16:59:47| 247000479692027 is not prime
16:59:47| 987787676534851 is not prime
16:59:47| 432497312500481 is not prime
16:59:47| 956255958308513 is prime
16:59:47|  
16:59:47| --------------------------------------------------------------------------------
16:59:47| Words: 100
16:59:47| falseify not found
16:59:47| cancer not found
16:59:47| psychology not found
16:59:47| milky not found
16:59:47| salty not found
16:59:47| brother not found
16:59:47| betray not found
16:59:47| lamentable not found
16:59:47| gate not found
16:59:47| nomination not found
16:59:47| minimum not found
16:59:47| relaxation not found
16:59:47| panoramic not found
16:59:47| annoying not found
16:59:47| store not found
16:59:47| pail not found
16:59:47| exploration not found
16:59:47| puncture not found
16:59:47| measure not found
16:59:47| help not found
16:59:47| coat not found
16:59:47| growth not found
16:59:47| pushy not found
16:59:47| evaneszent not found
16:59:47| inquiry not found
16:59:47| jealous not found
16:59:47| kettle not found
16:59:47| inject not found
16:59:47| side not found
16:59:47| conglomerate not found
16:59:47| threat not found
16:59:47| comeau not found
16:59:47| marsh not found
16:59:47| purple not found
16:59:47| aairplane not found
16:59:47| strange not found
16:59:47| burn not found
16:59:47| enlarge not found
16:59:47| bucket not found
16:59:47| witness not found
16:59:47| cheat not found
16:59:47| excavate not found
16:59:47| hissing not found
16:59:47| old-fashioned not found
16:59:47| bad not found
16:59:47| park not found
16:59:47| yearn not found
16:59:47| amber not found
16:59:47| brainy not found
16:59:47| latest not found
16:59:47| install not found
16:59:47| fantasy not found
16:59:47| thunder not found
16:59:47| ratty not found
16:59:47| snake not found
16:59:47| ill-fated not found
16:59:47| shoe not found
16:59:47| private not found
16:59:47| angwer not found
16:59:47| jelly not found
16:59:47| aboard not found
16:59:47| regret not found
16:59:47| confess not found
16:59:47| bed not found
16:59:47| migration not found
16:59:47| pastoral not found
16:59:47| deall not found
16:59:47| theorist not found
16:59:47| liberal not found
16:59:47| export not found
16:59:47| swdanky not found
16:59:47| teeny-tiny not found
16:59:47| fine not found
16:59:47| shiver not found
16:59:47| greeting not found
16:59:47| possible not found
16:59:47| welfare not found
16:59:47| leaf not found
16:59:47| genuine not found
16:59:47| industry not found
16:59:47| detail not found
16:59:47| fang not found
16:59:47| charge not found
16:59:47| rise not found
16:59:47| discover not found
16:59:47| cruel not found
16:59:47| jumpy not found
16:59:47| vessel not found
16:59:47| potato not found
16:59:47| end not found
16:59:47| man not found
16:59:47| ignite not found
16:59:47| taste not found
16:59:47| amusement not found
16:59:47| flesh not found
16:59:47| recycle not found
16:59:47| revise not found
16:59:47| stream not found
16:59:47| boundless not found
16:59:47| tent not found
16:59:47|  
16:59:47| --------------------------------------------------------------------------------
16:59:47| Uppercase: 100
16:59:47| marsh ==> MARSH
16:59:47| industry ==> INDUSTRY
16:59:47| excavate ==> EXCAVATE
16:59:47| amber ==> AMBER
16:59:47| store ==> STORE
16:59:47| amusement ==> AMUSEMENT
16:59:47| vessel ==> VESSEL
16:59:47| taste ==> TASTE
16:59:47| betray ==> BETRAY
16:59:47| panoramic ==> PANORAMIC
16:59:47| latest ==> LATEST
16:59:47| brother ==> BROTHER
16:59:47| hissing ==> HISSING
16:59:47| cruel ==> CRUEL
16:59:47| relaxation ==> RELAXATION
16:59:47| fine ==> FINE
16:59:47| park ==> PARK
16:59:47| ratty ==> RATTY
16:59:47| purple ==> PURPLE
16:59:47| pail ==> PAIL
16:59:47| man ==> MAN
16:59:47| rise ==> RISE
16:59:47| measure ==> MEASURE
16:59:47| flesh ==> FLESH
16:59:47| growth ==> GROWTH
16:59:47| nomination ==> NOMINATION
16:59:47| recycle ==> RECYCLE
16:59:47| bed ==> BED
16:59:47| tent ==> TENT
16:59:47| angwer ==> ANGWER
16:59:47| old-fashioned ==> OLD-FASHIONED
16:59:47| burn ==> BURN
16:59:47| possible ==> POSSIBLE
16:59:47| conglomerate ==> CONGLOMERATE
16:59:47| fantasy ==> FANTASY
16:59:47| confess ==> CONFESS
16:59:47| aairplane ==> AAIRPLANE
16:59:47| falseify ==> FALSEIFY
16:59:47| brainy ==> BRAINY
16:59:47| puncture ==> PUNCTURE
16:59:47| thunder ==> THUNDER
16:59:47| potato ==> POTATO
16:59:47| strange ==> STRANGE
16:59:47| psychology ==> PSYCHOLOGY
16:59:47| lamentable ==> LAMENTABLE
16:59:47| annoying ==> ANNOYING
16:59:47| gate ==> GATE
16:59:47| inquiry ==> INQUIRY
16:59:47| help ==> HELP
16:59:47| theorist ==> THEORIST
16:59:47| coat ==> COAT
16:59:47| pastoral ==> PASTORAL
16:59:47| pushy ==> PUSHY
16:59:47| cheat ==> CHEAT
16:59:47| comeau ==> COMEAU
16:59:47| bucket ==> BUCKET
16:59:47| leaf ==> LEAF
16:59:47| migration ==> MIGRATION
16:59:47| yearn ==> YEARN
16:59:47| regret ==> REGRET
16:59:47| genuine ==> GENUINE
16:59:47| witness ==> WITNESS
16:59:47| revise ==> REVISE
16:59:47| milky ==> MILKY
16:59:47| swdanky ==> SWDANKY
16:59:47| minimum ==> MINIMUM
16:59:47| aboard ==> ABOARD
16:59:47| stream ==> STREAM
16:59:47| export ==> EXPORT
16:59:47| inject ==> INJECT
16:59:47| welfare ==> WELFARE
16:59:47| boundless ==> BOUNDLESS
16:59:47| install ==> INSTALL
16:59:47| ill-fated ==> ILL-FATED
16:59:47| cancer ==> CANCER
16:59:47| fang ==> FANG
16:59:47| discover ==> DISCOVER
16:59:47| teeny-tiny ==> TEENY-TINY
16:59:47| jelly ==> JELLY
16:59:47| shoe ==> SHOE
16:59:47| private ==> PRIVATE
16:59:47| threat ==> THREAT
16:59:47| liberal ==> LIBERAL
16:59:47| detail ==> DETAIL
16:59:47| side ==> SIDE
16:59:47| exploration ==> EXPLORATION
16:59:47| salty ==> SALTY
16:59:47| greeting ==> GREETING
16:59:47| evaneszent ==> EVANESZENT
16:59:47| ignite ==> IGNITE
16:59:47| end ==> END
16:59:47| enlarge ==> ENLARGE
16:59:47| jealous ==> JEALOUS
16:59:47| kettle ==> KETTLE
16:59:47| jumpy ==> JUMPY
16:59:47| deall ==> DEALL
16:59:47| snake ==> SNAKE
16:59:47| charge ==> CHARGE
16:59:47| shiver ==> SHIVER
16:59:47| bad ==> BAD
16:59:47|  
16:59:47| --------------------------------------------------------------------------------
16:59:47| Sums: 100
16:59:47| sum of 654 to 3374963 = 5695185724672
16:59:47| sum of 939 to 2959231 = 4378522135674
16:59:47| sum of 643 to 6869180 = 23592813295207
16:59:47| sum of 704 to 3131364 = 4902718437110
16:59:47| sum of 532 to 1401579 = 982211004585
16:59:47| sum of 875 to 3665598 = 6718302133628
16:59:47| sum of 91 to 933156 = 435389589495
16:59:47| sum of 420 to 7229609 = 26133619443646
16:59:47| sum of 604 to 2956442 = 4370272989355
16:59:47| sum of 82 to 4400127 = 9680556604680
16:59:47| sum of 222 to 1133134 = 641995739880
16:59:47| sum of 60 to 3652419 = 6670080447801
16:59:47| sum of 52 to 3635012 = 6606654301240
16:59:47| sum of 385 to 1364828 = 931376978458
16:59:47| sum of 553 to 6980792 = 24365724830608
16:59:47| sum of 739 to 8576166 = 36775307069004
16:59:47| sum of 226 to 4414816 = 9745297924095
16:59:47| sum of 175 to 9901074 = 49015628210976
16:59:47| sum of 918 to 5800679 = 16823935109278
16:59:47| sum of 953 to 4961595 = 12308709537587
16:59:47| sum of 941 to 6424838 = 20639268008433
16:59:47| sum of 397 to 2642572 = 3491591987700
16:59:47| sum of 243 to 9975103 = 49751334913350
16:59:47| sum of 532 to 4631084 = 10723467050740
16:59:47| sum of 580 to 5947905 = 17688783802650
16:59:47| sum of 885 to 5880443 = 17289801606733
16:59:47| sum of 680 to 4347835 = 9451832188835
16:59:47| sum of 490 to 6334279 = 20061541937976
16:59:47| sum of 792 to 5251601 = 13789653592564
16:59:47| sum of 722 to 8366119 = 34995969117740
16:59:47| sum of 606 to 6878293 = 23655453674463
16:59:47| sum of 557 to 416644 = 86795748200
16:59:47| sum of 460 to 4370053 = 9548679320808
16:59:47| sum of 531 to 7795600 = 30385685641485
16:59:47| sum of 204 to 8268125 = 34180941353044
16:59:47| sum of 620 to 3332559 = 5552972886071
16:59:47| sum of 419 to 1412385 = 997414900349
16:59:47| sum of 284 to 3715210 = 6901390774259
16:59:47| sum of 128 to 3795201 = 7201773409472
16:59:47| sum of 978 to 3538820 = 6261621249037
16:59:47| sum of 380 to 4099362 = 8402382281831
16:59:47| sum of 34 to 261691 = 34240958334
16:59:47| sum of 976 to 6067639 = 18408118007541
16:59:47| sum of 474 to 2280866 = 2601173602444
16:59:47| sum of 222 to 5708367 = 16292724024630
16:59:47| sum of 586 to 5910160 = 17464992486315
16:59:47| sum of 958 to 286231 = 40963491162
16:59:47| sum of 679 to 3877778 = 7518578939572
16:59:47| sum of 828 to 506734 = 128389077633
16:59:47| sum of 190 to 1033785 = 534355178265
16:59:47| sum of 819 to 1475736 = 1088897298009
16:59:47| sum of 909 to 8039480 = 32316614902774
16:59:47| sum of 306 to 7897848 = 31187997519963
16:59:47| sum of 429 to 9798125 = 48001621766944
16:59:47| sum of 391 to 815458 = 332485390908
16:59:47| sum of 179 to 4301585 = 9251814589389
16:59:47| sum of 174 to 9736344 = 47398192359945
16:59:47| sum of 328 to 3370157 = 5678977363618
16:59:47| sum of 811 to 4008604 = 8034450681651
16:59:47| sum of 360 to 7005305 = 24537145504240
16:59:47| sum of 229 to 4267714 = 9106689232935
16:59:47| sum of 110 to 7928969 = 31434270731001
16:59:47| sum of 159 to 9701654 = 47061040304470
16:59:47| sum of 620 to 5513718 = 15200540143013
16:59:47| sum of 610 to 7352835 = 27032087406450
16:59:47| sum of 226 to 7310215 = 26719617992580
16:59:47| sum of 726 to 5104328 = 13027079350453
16:59:47| sum of 353 to 9586066 = 45946325823017
16:59:47| sum of 296 to 3012644 = 4538010385386
16:59:47| sum of 657 to 4188142 = 8770264396515
16:59:47| sum of 435 to 164871 = 13591046490
16:59:47| sum of 325 to 5297139 = 14029838091441
16:59:47| sum of 489 to 7761602 = 30121228803085
16:59:47| sum of 677 to 1350586 = 912040367579
16:59:47| sum of 35 to 9828794 = 48302590832226
16:59:47| sum of 919 to 2729609 = 3725380859815
16:59:47| sum of 503 to 5468459 = 14952019056858
16:59:47| sum of 705 to 1518848 = 1153448615968
16:59:47| sum of 496 to 940237 = 442022215206
16:59:47| sum of 825 to 6489490 = 21056736645405
16:59:47| sum of 62 to 6492542 = 21076547562720
16:59:47| sum of 487 to 8996223 = 40466009516412
16:59:47| sum of 540 to 2223857 = 2472768720766
16:59:47| sum of 312 to 5708558 = 16293814316887
16:59:47| sum of 557 to 5097414 = 12991812040145
16:59:47| sum of 973 to 1404008 = 985618057150
16:59:47| sum of 441 to 1054412 = 555891708646
16:59:47| sum of 749 to 6346035 = 20136076657469
16:59:47| sum of 474 to 1002817 = 502820354235
16:59:47| sum of 385 to 3731960 = 6963760780900
16:59:47| sum of 41 to 3361140 = 5648629368410
16:59:47| sum of 893 to 4756482 = 11312057731643
16:59:47| sum of 577 to 5009910 = 12549596432919
16:59:47| sum of 640 to 8199046 = 33612173351055
16:59:47| sum of 221 to 6693362 = 22400544060531
16:59:47| sum of 644 to 5509843 = 15179181980357
16:59:47| sum of 367 to 7746807 = 30006505407060
16:59:47| sum of 975 to 7852358 = 30829758679078
16:59:47| sum of 66 to 711330 = 252994826640
16:59:47| sum of 6 to 3483195 = 6066321962400
16:59:47|  
16:59:47| --------------------------------------------------------------------------------
16:59:47| Names: 34
16:59:47| http://swapi.dev/api/people/55/ has name Adi Gallia
16:59:47| http://swapi.dev/api/people/7/ has name Beru Whitesun lars
16:59:47| http://swapi.dev/api/people/53/ has name Kit Fisto
16:59:47| http://swapi.dev/api/people/4/ has name Darth Vader
16:59:47| http://swapi.dev/api/people/52/ has name Ki-Adi-Mundi
16:59:47| http://swapi.dev/api/people/58/ has name Plo Koon
16:59:47| http://swapi.dev/api/people/12/ has name Wilhuff Tarkin
16:59:47| http://swapi.dev/api/people/1/ has name Luke Skywalker
16:59:47| http://swapi.dev/api/people/81/ has name Raymus Antilles
16:59:47| http://swapi.dev/api/people/5/ has name Leia Organa
16:59:47| http://swapi.dev/api/people/80/ has name Tarfful
16:59:47| http://swapi.dev/api/people/67/ has name Dooku
16:59:47| http://swapi.dev/api/people/82/ has name Sly Moore
16:59:47| http://swapi.dev/api/people/35/ has name Padmé Amidala
16:59:47| http://swapi.dev/api/people/56/ has name Saesee Tiin
16:59:47| http://swapi.dev/api/people/54/ has name Eeth Koth
16:59:47| http://swapi.dev/api/people/33/ has name Nute Gunray
16:59:47| http://swapi.dev/api/people/79/ has name Grievous
16:59:47| http://swapi.dev/api/people/13/ has name Chewbacca
16:59:47| http://swapi.dev/api/people/63/ has name Poggle the Lesser
16:59:47| http://swapi.dev/api/people/78/ has name Shaak Ti
16:59:47| http://swapi.dev/api/people/20/ has name Yoda
16:59:47| http://swapi.dev/api/people/83/ has name Tion Medon
16:59:47| http://swapi.dev/api/people/11/ has name Anakin Skywalker
16:59:47| http://swapi.dev/api/people/51/ has name Mace Windu
16:59:47| http://swapi.dev/api/people/68/ has name Bail Prestor Organa
16:59:47| http://swapi.dev/api/people/6/ has name Owen Lars
16:59:47| http://swapi.dev/api/people/64/ has name Luminara Unduli
16:59:47| http://swapi.dev/api/people/46/ has name Ayla Secura
16:59:47| http://swapi.dev/api/people/75/ has name R4-P17
16:59:47| http://swapi.dev/api/people/3/ has name R2-D2
16:59:47| http://swapi.dev/api/people/2/ has name C-3PO
16:59:47| http://swapi.dev/api/people/21/ has name Palpatine
16:59:47| http://swapi.dev/api/people/10/ has name Obi-Wan Kenobi
16:59:47|  
16:59:47| Primes: 100
16:59:47| Words: 100
16:59:47| Uppercase: 100
16:59:47| Sums: 100
16:59:47| Names: 34
16:59:47| Finished processes 434 tasks = 25.05868730
