13:48:38| ****************************************
13:48:38| Part 1
13:48:38| 
13:48:38| File: verysmall.bmp
13:48:38| Number of drawing commands for = 96
13:48:38| Found path has length          = 11
13:48:38| 
13:48:38| File: verysmall-loops.bmp
13:48:38| Number of drawing commands for = 240
13:48:39| Found path has length          = 35
13:48:39| 
13:48:39| File: small.bmp
13:48:39| Number of drawing commands for = 3108
13:48:40| Found path has length          = 79
13:48:40| 
13:48:40| File: small-loops.bmp
13:48:40| Number of drawing commands for = 1762
13:48:40| Found path has length          = 135
13:48:40| 
13:48:40| File: small-odd.bmp
13:48:40| Number of drawing commands for = 2134
13:48:41| Found path has length          = 81
13:48:41| 
13:48:41| File: small-open.bmp
13:48:41| Number of drawing commands for = 2650
13:48:42| Found path has length          = 393
13:48:42| 
13:48:42| File: large-loops.bmp
