22:40:41| Marble count                = 1000
22:40:41| settings["creator-delay"]   = 0.01
22:40:41| settings["bag-count"]       = 7
22:40:41| settings["bagger-delay"]    = 0.05
22:40:41| settings["assembler-delay"] = 0.05
22:40:41| settings["wrapper-delay"]   = 0.05
22:40:41| Create the processes
22:40:41| Starting the processes
22:40:41| Waiting for processes to finish
22:40:52| Contents of boxes.txt
22:40:52| Large marble: Hercules, marbles: Neon Dark Green, Silver Pink, Tuscan Brown, Gold, Russian Green, Brown, Bistre Brown
22:40:52| Large marble: Winner, marbles: Eerie Black, Ivory, Silver Pink, Rose Dust, Black Coral, Mode Beige, Chinese Red
22:40:52| Large marble: Winner, marbles: Russian Green, Fiery Rose, Royal Blue, Light Orchid, Pastel Blue, Purple Plum, Mulberry
22:40:52| Large marble: Apollo, marbles: Black Coral, Lavender Blue, Stop Red, Emerald, Lemon Lime, Honeydew, Emerald
22:40:52| Large marble: 5-Star, marbles: Gold, Purple Plum, Eerie Black, Icterine, Blue Bell, Lilac Luster, Vegas Gold
22:40:52| Large marble: Zeus, marbles: Antique Brass, Fiery Rose, Beaver, Mango Tango, Sage, Isabelline, Light Orchid
22:40:52| Large marble: Sure Shot, marbles: Purple, Beaver, Maximum Violet, Safety Yellow, Bistre Brown, Fiery Rose, Neon Pink
22:40:52| Large marble: Winner, marbles: Liver Chestnut, Slate Blue, Outrageous Orange, Antique Brass, Candy Pink, Big Dip O’ruby, Russian Violet
22:40:52| Large marble: Hercules, marbles: Pale Plum, Beaver, Big Dip O’ruby, Outrageous Orange, Russian Violet, Spanish Carmine, Pale Goldenrod
22:40:52| Large marble: The Boss, marbles: Arylide Yellow, Orange Soda, Spanish Carmine, Indigo, Lilac Luster, Maximum Blue, Cotton Candy
22:40:52| Large marble: Sure Shot, marbles: Pale Goldenrod, Maximum Purple, Spanish Orange, Silver Pink, Chinese Red, Eerie Black, Spanish Orange
22:40:52| Large marble: Zeus, marbles: Terra Cotta, Black Coral, Rose Quartz, Mango Tango, Mimi Pink, Dark Fuchsia, Gold
22:40:52| Large marble: Lucky, marbles: Royal Orange, Lemon Lime, Slate Blue, Lavender Purple, White Smoke, Rose Dust, Neon Silver
22:40:52| Large marble: 5-Star, marbles: Beaver, Middle Green Yellow, Orange Soda, Lilac Luster, Ivory, Candy Pink, Cotton Candy
22:40:52| Large marble: Spinner, marbles: Beaver, Silver Pink, Silver Chalice, Big Dip O’ruby, Honeydew, Indigo, Brown
22:40:52| Large marble: Apollo, marbles: Orange Soda, Eerie Black, Arylide Yellow, Honeydew, Candy Pink, Arylide Yellow, Venetian Red
22:40:52| Large marble: 5-Star, marbles: Lilac Luster, Mulberry, Outrageous Orange, Antique Bronze, Pastel Gray, Liver Chestnut, Neon Pink
22:40:52| Large marble: 5-Star, marbles: Zomp, Golden Yellow, Tuscan Brown, Middle Green Yellow, Lumber, Gold, Neon Dark Green
22:40:52| Large marble: Lucky, marbles: Neon Silver, Gold, Golden Yellow, Sage, White Smoke, Big Dip O’ruby, Blue
22:40:52| Large marble: Hercules, marbles: Slate Blue, Tuscan Brown, Brown, Gold, Spanish Orange, Dark Fuchsia, Middle Green
22:40:52| Large marble: Apollo, marbles: Russian Violet, Isabelline, Light Orchid, Arylide Yellow, Neon Pink, Liver Chestnut, Orange Soda
22:40:52| Large marble: Hercules, marbles: Mode Beige, Pale Goldenrod, Sage, Blue Bell, Brink Pink, Royal Blue, Blue Bell
22:40:52| Large marble: Apollo, marbles: Dark Fuchsia, Light Orange, Orange Soda, Tuscan Brown, Outrageous Orange, Gold, Auburn
22:40:52| Large marble: Hercules, marbles: Brown, Russian Violet, Neon Dark Green, Cobalt Blue, Silver Pink, Venetian Red, Candy Pink
22:40:52| Large marble: Spinner, marbles: Lumber, Arylide Yellow, Safety Yellow, Black Coral, La Salle Green, Silver Chalice, Maximum Violet
22:40:52| Large marble: Lucky, marbles: Mango Tango, Shandy, Pale Taupe, Pale Plum, Russian Green, Rose Dust, Gold
22:40:52| Large marble: Spinner, marbles: Golden Yellow, Neon Dark Green, Bistre Brown, Golden Yellow, Blue-Green, Rose Quartz, White Smoke
22:40:52| Large marble: Sure Shot, marbles: Spanish Orange, Safety Yellow, Middle Red Purple, Zomp, Royal Red, Middle Red Purple, Rose Quartz
22:40:52| Large marble: Hercules, marbles: Sheen Green, La Salle Green, Safety Yellow, Spanish Pink, Slate Blue, Terra Cotta, Neon Silver
22:40:52| Large marble: The Boss, marbles: Eerie Black, Cobalt Blue, Purple, Icterine, Safety Yellow, Orange Soda, Slate Blue
22:40:52| Large marble: Zeus, marbles: Lavender Purple, Terra Cotta, Gold, Blue-Green, Maximum Violet, Middle Green Yellow, Lavender Purple
22:40:52| Large marble: 5-Star, marbles: Vegas Gold, Outrageous Orange, Indigo, Stop Red, Neon Pink, Arylide Yellow, Neon Pink
22:40:52| Large marble: Winner, marbles: Spanish Carmine, Tuscan Brown, Cotton Candy, Mint Green, Lemon Lime, Lumber, Royal Blue
22:40:52| Large marble: Spinner, marbles: Lilac Luster, Candy Pink, Pale Taupe, Neon Silver, Orange Soda, Middle Green Yellow, Antique Brass
22:40:52| Large marble: Zeus, marbles: Pale Cerulean, Vegas Gold, Antique Bronze, Cobalt Blue, Thulian Pink, Russian Violet, Royal Red
22:40:52| Large marble: The Boss, marbles: Antique Brass, Rose Quartz, Sheen Green, Orange Peel, Pale Cerulean, Mint Green, Mango Tango
22:40:52| Large marble: Winner, marbles: Arylide Yellow, Black Coral, Duke Blue, Lavender Blue, Safety Yellow, Antique Bronze, Blue Bell
22:40:52| Large marble: Sure Shot, marbles: Mulberry, Orange Peel, Dark Moss Green, Silver Chalice, Brink Pink, Chinese Red, Royal Red
22:40:52| Large marble: Zeus, marbles: Blue-Green, Cotton Candy, Sheen Green, Pale Taupe, Golden Yellow, Big Dip O’ruby, Liver Chestnut
22:40:52| Large marble: Sure Shot, marbles: Maximum Purple, Mulberry, Sheen Green, Eerie Black, Lumber, Light Orchid, Green
22:40:52| Large marble: Zeus, marbles: Sage, Neon Silver, Lemon Lime, Granny Smith Apple, Black Coral, White Smoke, Arylide Yellow
22:40:52| Large marble: Sure Shot, marbles: Isabelline, Neon Dark Green, Isabelline, Mulberry, Gold, Big Dip O’ruby, Rose Dust
22:40:52| Large marble: Lucky, marbles: Brown, Silver Pink, Neon Dark Green, Terra Cotta, Orange Soda, Zomp, Pastel Blue
22:40:52| Large marble: Lucky, marbles: Neon Pink, Purple, Dark Fuchsia, Pastel Blue, Blue Bell, Orange Soda, Spanish Carmine
22:40:52| Large marble: Hercules, marbles: Black Coral, Almond, Orange Soda, Beaver, Slate Blue, Tuscan Brown, Lavender Blue
22:40:52| Large marble: Apollo, marbles: Spanish Pink, La Salle Green, Thulian Pink, Safety Yellow, Pale Taupe, Dark Fuchsia, Neon Dark Green
22:40:52| Large marble: Winner, marbles: Lavender Blue, Bistre Brown, Black Coral, Venetian Red, Lavender Purple, Orange Soda, Neon Pink
22:40:52| Large marble: 5-Star, marbles: Icterine, Indigo, Rose Quartz, Duke Blue, Vegas Gold, Black Coral, Gold
22:40:52| Large marble: Sure Shot, marbles: Royal Blue, Sheen Green, Lumber, Outrageous Orange, Indigo, Mulberry, Middle Red Purple
22:40:52| Large marble: Hercules, marbles: Mango Tango, Purple Plum, Royal Orange, Beaver, Tuscan Brown, Slate Blue, Fiery Rose
22:40:52| Large marble: Spinner, marbles: Purple Plum, Royal Red, Fiery Rose, Silver Pink, Almond, Safety Yellow, Spanish Orange
22:40:52| Large marble: Apollo, marbles: Silver Pink, Orange Peel, Ivory, Liver Chestnut, Lavender Purple, Orange Soda, Maximum Violet
22:40:52| Large marble: Lucky, marbles: Granny Smith Apple, Pastel Gray, Ruby, Bistre Brown, Dark Fuchsia, Blue, Sheen Green
22:40:52| Large marble: Sure Shot, marbles: Rose Dust, Neon Dark Green, Big Dip O’ruby, Golden Yellow, Cobalt Blue, Purple Plum, Pale Goldenrod
22:40:52| Large marble: Hercules, marbles: Light Orchid, Safety Yellow, Middle Green, Venetian Red, Pastel Blue, Beaver, Pastel Blue
22:40:52| Large marble: Zeus, marbles: Platinum, Pale Taupe, Mint Green, Russian Green, Lavender Blue, Pastel Blue, Fiery Rose
22:40:52| Large marble: The Boss, marbles: Blue-Green, Neon Dark Green, Thulian Pink, Russian Green, Candy Pink, Russian Violet, Ruby
22:40:52| Large marble: Spinner, marbles: Lemon Lime, Antique Brass, Stop Red, Fiery Rose, Emerald, Mulberry, Spanish Orange
22:40:52| Large marble: 5-Star, marbles: Mimi Pink, Maximum Blue, Liver Chestnut, Royal Red, Zomp, Lavender Blue, Venetian Red
22:40:52| Large marble: Winner, marbles: Mango Tango, Black Coral, Pastel Gray, Orange Soda, Maximum Blue, Almond, Orange Peel
22:40:52| Large marble: The Boss, marbles: Sage, Mint Green, Orange Soda, Sheen Green, Sage, Sheen Green, Tuscan Brown
22:40:52| Large marble: Spinner, marbles: Thulian Pink, Pale Goldenrod, Antique Bronze, Gold, Icterine, Fiery Rose, Icterine
22:40:52| Large marble: Winner, marbles: White Smoke, Maximum Purple, Mango Tango, Mint Green, Mulberry, Black Coral, Platinum
22:40:52| Large marble: Sure Shot, marbles: Orange Soda, Middle Green Yellow, Ivory, Blue Bell, Beaver, Orange Peel, Venetian Red
22:40:52| Large marble: Winner, marbles: Auburn, Purple Plum, Mango Tango, Venetian Red, Light Orchid, Mango Tango, Middle Green
22:40:52| Large marble: Apollo, marbles: Neon Silver, Duke Blue, Middle Green Yellow, Russian Violet, Dark Fuchsia, Mimi Pink, Lemon Lime
22:40:52| Large marble: Winner, marbles: Pale Taupe, Honeydew, Honeydew, Antique Brass, Sage, Light Orchid, Safety Yellow
22:40:52| Large marble: Lucky, marbles: Big Dip O’ruby, Antique Bronze, Pastel Gray, Dark Moss Green, Antique Bronze, Emerald, Russian Violet
22:40:52| Large marble: Hercules, marbles: Candy Pink, Shandy, Gold, Ruby, Gold, Fiery Rose, Slate Blue
22:40:52| Large marble: Sure Shot, marbles: Maximum Violet, Purple Plum, Mulberry, Purple, Gold, Orange Soda, Pale Goldenrod
22:40:52| Large marble: Winner, marbles: Dark Moss Green, Isabelline, Dark Moss Green, Venetian Red, Russian Green, Arylide Yellow, Stop Red
22:40:52| Large marble: 5-Star, marbles: Pale Plum, Pale Taupe, Icterine, Eerie Black, Silver Chalice, Rose Dust, Spanish Orange
22:40:52| Large marble: Zeus, marbles: Ivory, Maximum Violet, Terra Cotta, Thulian Pink, Middle Red Purple, Light Orange, Almond
22:40:52| Large marble: Winner, marbles: Lemon Lime, Dark Moss Green, Mint Green, Antique Brass, Purple, Middle Red Purple, Rose Dust
22:40:52| Large marble: Apollo, marbles: Light Orchid, Almond, Stop Red, Purple Plum, Mode Beige, Silver Chalice, Mint Cream
22:40:52| Large marble: The Boss, marbles: Thulian Pink, Neon Silver, Rose Quartz, Spanish Pink, Royal Red, Spanish Carmine, Outrageous Orange
22:40:52| Large marble: Hercules, marbles: Mode Beige, Outrageous Orange, Bistre Brown, Black Coral, Royal Orange, Orange Peel, Indigo
22:40:52| Large marble: 5-Star, marbles: Brown, Rose Dust, Shandy, Fiery Rose, Liver Chestnut, Honeydew, Golden Yellow
22:40:52| Large marble: Hercules, marbles: Slate Blue, Pastel Blue, Neon Dark Green, Orange Soda, Eerie Black, Silver Chalice, Pale Goldenrod
22:40:52| Large marble: The Boss, marbles: Sheen Green, Indigo, Bistre Brown, Mulberry, Eerie Black, Almond, Candy Pink
22:40:52| Large marble: Lucky, marbles: Pale Goldenrod, Brink Pink, Rose Quartz, Arylide Yellow, Dark Fuchsia, Lavender Purple, Royal Red
22:40:52| Large marble: The Boss, marbles: La Salle Green, Almond, Ivory, Liver Chestnut, Almond, Platinum, Beaver
22:40:52| Large marble: Winner, marbles: Gold, Auburn, Brink Pink, Royal Orange, Tuscan Brown, Light Orchid, Thulian Pink
22:40:52| Large marble: Winner, marbles: Sage, Stop Red, Pastel Gray, Honeydew, Brink Pink, Shandy, Light Orchid
22:40:52| Large marble: 5-Star, marbles: Venetian Red, Mint Green, Silver Pink, Stop Red, Indigo, Terra Cotta, Blue-Green
22:40:52| Large marble: Lucky, marbles: Light Orange, Dark Fuchsia, Emerald, Black Coral, Golden Yellow, Ruby, Chinese Red
22:40:52| Large marble: 5-Star, marbles: Arylide Yellow, Sage, Silver Chalice, Brown, Terra Cotta, Black Coral, Mint Cream
22:40:52| Large marble: Hercules, marbles: Purple Plum, Pale Cerulean, Middle Green, Maximum Violet, Emerald, Middle Green, Neon Dark Green
22:40:52| Large marble: 5-Star, marbles: Blue Bell, Thulian Pink, Mango Tango, Outrageous Orange, Pale Goldenrod, Russian Violet, Big Dip O’ruby
22:40:52| Large marble: Apollo, marbles: Maximum Purple, Antique Bronze, Lavender Purple, Black Coral, Big Dip O’ruby, Spanish Pink, Emerald
22:40:52| Large marble: Hercules, marbles: Lilac Luster, Pale Taupe, Shandy, Arylide Yellow, Russian Green, Dark Moss Green, Icterine
22:40:52| Large marble: 5-Star, marbles: Pale Cerulean, Green, Zomp, Maximum Blue, Mulberry, Emerald, Mango Tango
22:40:52| Large marble: Hercules, marbles: Safety Yellow, Shandy, Ivory, Venetian Red, Almond, Lavender Purple, Ruby
22:40:52| Large marble: Zeus, marbles: Middle Green Yellow, Black Coral, Spanish Orange, Icterine, Granny Smith Apple, Brown, Zomp
22:40:52| Large marble: Lucky, marbles: Beaver, Icterine, Isabelline, Lemon Lime, Venetian Red, Maximum Violet, Slate Blue
22:40:52| Large marble: 5-Star, marbles: Liver Chestnut, Duke Blue, Cotton Candy, Safety Yellow, Almond, Brink Pink, Orange Soda
22:40:52| Large marble: 5-Star, marbles: Maximum Purple, Zomp, Safety Yellow, Maximum Purple, Dark Moss Green, Candy Pink, Thulian Pink
22:40:52| Large marble: Spinner, marbles: Auburn, La Salle Green, Russian Green, Arylide Yellow, Orange Peel, Royal Red, Middle Red Purple
22:40:52| Large marble: 5-Star, marbles: Mode Beige, Isabelline, Maximum Blue, Pale Taupe, Thulian Pink, Mint Green, Sage
22:40:52| Large marble: 5-Star, marbles: Lemon Lime, Auburn, Light Orange, Cobalt Blue, Cobalt Blue, Pale Taupe, Shandy
22:40:52| Large marble: Winner, marbles: Neon Pink, Eerie Black, Thulian Pink, Vegas Gold, Lavender Purple, Lilac Luster, Lumber
22:40:52| Large marble: Hercules, marbles: Mimi Pink, Auburn, Green, Sage, Light Orchid, Mode Beige, Mode Beige
22:40:52| Large marble: Apollo, marbles: Gold, Mango Tango, Maximum Blue, Big Dip O’ruby, Isabelline, Light Orange, Ruby
22:40:52| Large marble: Zeus, marbles: Orange Peel, Silver Pink, Lilac Luster, Orange Soda, Liver Chestnut, Blue-Green, Pastel Blue
22:40:52| Large marble: Apollo, marbles: Russian Violet, Middle Green, Eerie Black, Neon Dark Green, Mulberry, Russian Green, Maximum Blue
22:40:52| Large marble: Lucky, marbles: Safety Yellow, Lavender Purple, Pale Goldenrod, Brink Pink, Golden Yellow, Blue Bell, Maximum Purple
22:40:52| Large marble: Zeus, marbles: Dark Fuchsia, Icterine, Rose Dust, Brown, Spanish Pink, Mint Cream, Zomp
22:40:52| Large marble: Apollo, marbles: Spanish Carmine, Brown, Ivory, Lilac Luster, Gold, Sage, Blue-Green
22:40:52| Large marble: Winner, marbles: Arylide Yellow, Eerie Black, Middle Red Purple, Liver Chestnut, Black Coral, Middle Green, Mint Cream
22:40:52| Large marble: Apollo, marbles: Chinese Red, Russian Violet, Dark Fuchsia, Lavender Purple, Maximum Violet, Brown, Antique Brass
22:40:52| Large marble: Zeus, marbles: Tuscan Brown, La Salle Green, Mint Green, Dark Fuchsia, Pale Plum, Platinum, Pale Plum
22:40:52| Large marble: Lucky, marbles: Dark Fuchsia, Dark Fuchsia, Pale Taupe, Auburn, Almond, Green, Cobalt Blue
22:40:52| Large marble: Apollo, marbles: Russian Violet, Fiery Rose, Blue-Green, Lavender Purple, Pale Cerulean, Dark Moss Green, Lavender Purple
22:40:52| Large marble: 5-Star, marbles: Lumber, Maximum Violet, Pale Plum, Mango Tango, Green, Lavender Blue, Orange Peel
22:40:52| Large marble: Spinner, marbles: Orange Soda, Thulian Pink, Blue, Venetian Red, Russian Violet, Mimi Pink, Orange Soda
22:40:52| Large marble: Apollo, marbles: Dark Fuchsia, Almond, Silver Pink, Pale Goldenrod, Lavender Purple, Outrageous Orange, Brown
22:40:52| Large marble: Spinner, marbles: Pale Cerulean, Spanish Orange, Thulian Pink, Ivory, Antique Brass, Light Orchid, Ivory
22:40:52| Large marble: Hercules, marbles: Mango Tango, Orange Soda, Maximum Blue, La Salle Green, Middle Green, Royal Blue, Purple Plum
22:40:52| Large marble: The Boss, marbles: Thulian Pink, Outrageous Orange, Safety Yellow, Royal Red, Lavender Blue, Brink Pink, Auburn
22:40:52| Large marble: Zeus, marbles: Golden Yellow, Purple Plum, Blue-Green, Ivory, Neon Silver, Beaver, Isabelline
22:40:52| Large marble: Sure Shot, marbles: Brown, Cobalt Blue, Golden Yellow, Granny Smith Apple, Royal Orange, Neon Silver, Gold
22:40:52| Large marble: Lucky, marbles: Lavender Purple, Terra Cotta, Orange Soda, Fiery Rose, Cobalt Blue, Golden Yellow, Honeydew
22:40:52| Large marble: 5-Star, marbles: Orange Peel, Emerald, Orange Soda, Fiery Rose, Maximum Purple, Duke Blue, Neon Dark Green
22:40:52| Large marble: Hercules, marbles: Beaver, Cobalt Blue, Russian Green, Beaver, Stop Red, Outrageous Orange, Platinum
22:40:52| Large marble: Winner, marbles: Purple, Pale Goldenrod, Neon Dark Green, Pale Taupe, Royal Red, Rose Quartz, Cotton Candy
22:40:52| Large marble: Zeus, marbles: Lumber, Neon Silver, Stop Red, Dark Moss Green, Rose Dust, Middle Red Purple, Dark Moss Green
22:40:52| Large marble: Hercules, marbles: Icterine, Black Coral, Neon Silver, Fiery Rose, Platinum, Emerald, Brink Pink
22:40:52| Large marble: Winner, marbles: Maximum Violet, Big Dip O’ruby, Beaver, Green, Lemon Lime, Spanish Orange, Fiery Rose
22:40:52| Large marble: Spinner, marbles: Vegas Gold, Pale Plum, Middle Red Purple, Antique Bronze, Middle Green, Eerie Black, Granny Smith Apple
22:40:52| Large marble: Hercules, marbles: Maximum Violet, Mulberry, Fiery Rose, Neon Pink, Lilac Luster, Neon Dark Green, La Salle Green
22:40:52| Large marble: Winner, marbles: Beaver, Orange Peel, Mint Green, Outrageous Orange, Isabelline, Black Coral, Maximum Purple
22:40:52| Large marble: 5-Star, marbles: Neon Dark Green, Lemon Lime, Mint Green, Spanish Orange, Royal Blue, Spanish Carmine, Silver Chalice
22:40:52| Large marble: Zeus, marbles: Blue, Middle Green, Neon Dark Green, Neon Dark Green, Spanish Carmine, Lumber, Russian Green
22:40:52| Large marble: The Boss, marbles: Orange Soda, Almond, Russian Green, Rose Quartz, Eerie Black, Pale Taupe, Sage
22:40:52| Large marble: Zeus, marbles: Antique Bronze, Pastel Blue, Tuscan Brown, Stop Red, Arylide Yellow, Gold, Maximum Purple
22:40:52| Large marble: Sure Shot, marbles: Sheen Green, Antique Bronze, Zomp, Sage, Brown, Maximum Violet, Middle Green Yellow
22:40:52| Large marble: Lucky, marbles: Blue, Sage, Thulian Pink, Bistre Brown, Orange Soda, Bistre Brown, Venetian Red
22:40:52| Large marble: Sure Shot, marbles: Brown, Eerie Black, Beaver, Chinese Red, Icterine, Sage, Auburn
22:40:52| Large marble: Hercules, marbles: Gold, Purple Plum, Lavender Blue, Gold, Safety Yellow, Cotton Candy, Tuscan Brown
22:40:52| Large marble: Spinner, marbles: Spanish Orange, Platinum, Maximum Purple, Orange Soda, Dark Fuchsia, Spanish Pink, Icterine
22:40:52| Large marble: Hercules, marbles: La Salle Green, Pale Cerulean, Duke Blue, Lumber, Mint Cream, Russian Green, Platinum
22:40:52| Large marble: Sure Shot, marbles: Royal Orange, Green, Venetian Red, Spanish Carmine, Lavender Purple, Mint Cream, Pale Cerulean
