22:47:52| Marble count                = 1000
22:47:52| settings["creator-delay"]   = 0.01
22:47:52| settings["bag-count"]       = 7
22:47:52| settings["bagger-delay"]    = 0.05
22:47:52| settings["assembler-delay"] = 0.05
22:47:52| settings["wrapper-delay"]   = 0.05
22:47:52| Create the processes
22:47:52| Starting the processes
22:47:52| Waiting for processes to finish
22:48:04| Contents of boxes.txt
22:48:04| Large marble: Sure Shot, marbles: Gold, Spanish Orange, Silver Chalice, Royal Blue, Maximum Blue, Lilac Luster, Dark Moss Green
22:48:04| Large marble: Apollo, marbles: Russian Violet, Lavender Purple, Neon Dark Green, Purple, Mimi Pink, Lavender Blue, Spanish Pink
22:48:04| Large marble: Winner, marbles: Dark Moss Green, Mulberry, Neon Dark Green, Stop Red, Russian Green, Mulberry, Auburn
22:48:04| Large marble: Sure Shot, marbles: Black Coral, Stop Red, Antique Brass, Cobalt Blue, Spanish Carmine, Maximum Purple, Spanish Orange
22:48:04| Large marble: The Boss, marbles: Mint Cream, Outrageous Orange, Pastel Blue, Isabelline, Maximum Purple, Neon Silver, Lemon Lime
22:48:04| Large marble: The Boss, marbles: Tuscan Brown, Terra Cotta, Blue, Candy Pink, Maximum Violet, Blue Bell, Liver Chestnut
22:48:04| Large marble: Zeus, marbles: Slate Blue, Ruby, Big Dip O’ruby, Golden Yellow, Pale Cerulean, Green, Stop Red
22:48:04| Large marble: Lucky, marbles: Sheen Green, Antique Bronze, Antique Brass, Lumber, Light Orchid, Orange Soda, Silver Chalice
22:48:04| Large marble: Winner, marbles: Silver Pink, Neon Pink, Duke Blue, Chinese Red, Antique Brass, White Smoke, Liver Chestnut
22:48:04| Large marble: Zeus, marbles: Almond, Zomp, White Smoke, Granny Smith Apple, Shandy, Russian Green, Lumber
22:48:04| Large marble: 5-Star, marbles: Pale Goldenrod, Spanish Orange, Lumber, Blue-Green, Cobalt Blue, Lavender Purple, Mimi Pink
22:48:04| Large marble: Apollo, marbles: Middle Red Purple, Emerald, Spanish Orange, Neon Silver, Rose Quartz, Fiery Rose, Gold
22:48:04| Large marble: Spinner, marbles: Arylide Yellow, Zomp, Big Dip O’ruby, Spanish Orange, Russian Violet, Black Coral, Rose Dust
22:48:04| Large marble: The Boss, marbles: Cobalt Blue, Orange Peel, Russian Green, Platinum, Safety Yellow, Royal Blue, Lavender Blue
22:48:04| Large marble: Winner, marbles: Pale Plum, Light Orchid, Antique Brass, Spanish Orange, Cotton Candy, Russian Green, Indigo
22:48:04| Large marble: Sure Shot, marbles: Vegas Gold, Pale Cerulean, Lavender Blue, Lilac Luster, Brown, Rose Quartz, Blue
22:48:04| Large marble: Winner, marbles: Granny Smith Apple, Liver Chestnut, Ruby, Orange Peel, Gold, Maximum Blue, Eerie Black
22:48:04| Large marble: Lucky, marbles: Ruby, Antique Brass, Platinum, Maximum Blue, Candy Pink, Maximum Purple, White Smoke
22:48:04| Large marble: Lucky, marbles: Duke Blue, Dark Fuchsia, Orange Peel, Silver Chalice, Russian Violet, Liver Chestnut, Spanish Pink
22:48:04| Large marble: Spinner, marbles: Indigo, Mint Cream, Big Dip O’ruby, Light Orchid, Spanish Orange, Stop Red, Mint Green
22:48:04| Large marble: Sure Shot, marbles: Orange Soda, Pastel Blue, Outrageous Orange, Spanish Orange, Black Coral, Spanish Orange, Maximum Blue
22:48:04| Large marble: Spinner, marbles: Silver Chalice, Rose Dust, Royal Blue, Honeydew, Middle Green Yellow, Green, Cobalt Blue
22:48:04| Large marble: The Boss, marbles: Pale Taupe, Icterine, Outrageous Orange, Pale Goldenrod, Orange Soda, Green, Black Coral
22:48:04| Large marble: Hercules, marbles: Cobalt Blue, Middle Red Purple, Brink Pink, Auburn, Zomp, Spanish Pink, Russian Green
22:48:04| Large marble: 5-Star, marbles: Maximum Purple, Neon Dark Green, Honeydew, Pale Goldenrod, Fiery Rose, La Salle Green, Indigo
22:48:04| Large marble: Sure Shot, marbles: Sage, Mimi Pink, La Salle Green, Indigo, Platinum, Green, Mimi Pink
22:48:04| Large marble: Lucky, marbles: Silver Chalice, Rose Dust, Mode Beige, Tuscan Brown, Blue-Green, Vegas Gold, Antique Brass
22:48:04| Large marble: Hercules, marbles: Spanish Pink, Thulian Pink, Indigo, Antique Bronze, Maximum Purple, Brink Pink, Russian Green
22:48:04| Large marble: Apollo, marbles: Russian Green, Middle Green, Chinese Red, Pastel Gray, Stop Red, Pale Goldenrod, Blue Bell
22:48:04| Large marble: Apollo, marbles: Almond, Arylide Yellow, Granny Smith Apple, Dark Fuchsia, Brink Pink, Arylide Yellow, Pale Goldenrod
22:48:04| Large marble: Hercules, marbles: Royal Red, Neon Silver, Dark Fuchsia, White Smoke, Lumber, Mulberry, Candy Pink
22:48:04| Large marble: Hercules, marbles: Cobalt Blue, Terra Cotta, Zomp, Granny Smith Apple, Orange Peel, Pale Taupe, Slate Blue
22:48:04| Large marble: Lucky, marbles: Big Dip O’ruby, Cotton Candy, Russian Green, Royal Red, Blue-Green, Orange Peel, Light Orchid
22:48:04| Large marble: Apollo, marbles: Thulian Pink, Orange Peel, Pale Taupe, Light Orange, Outrageous Orange, Royal Blue, Almond
22:48:04| Large marble: Winner, marbles: Honeydew, Sheen Green, Spanish Pink, Middle Green Yellow, Rose Dust, Gold, Dark Moss Green
22:48:04| Large marble: Winner, marbles: Silver Pink, Slate Blue, Arylide Yellow, Pale Goldenrod, Maximum Violet, Sage, Pastel Gray
22:48:04| Large marble: Apollo, marbles: Almond, Mint Green, Icterine, Purple Plum, Blue Bell, Outrageous Orange, Platinum
22:48:04| Large marble: Hercules, marbles: Sage, Granny Smith Apple, Neon Pink, Mode Beige, Antique Brass, Big Dip O’ruby, Pastel Gray
22:48:04| Large marble: Apollo, marbles: Sheen Green, Liver Chestnut, White Smoke, Candy Pink, Royal Blue, Terra Cotta, Outrageous Orange
22:48:04| Large marble: Apollo, marbles: Purple, Vegas Gold, Pale Taupe, Icterine, Mint Cream, Bistre Brown, Maximum Violet
22:48:04| Large marble: Hercules, marbles: Icterine, Maximum Purple, Spanish Pink, Maximum Purple, Isabelline, Candy Pink, Isabelline
22:48:04| Large marble: Hercules, marbles: Green, Tuscan Brown, Brown, Pastel Blue, Blue Bell, Thulian Pink, Pale Taupe
22:48:04| Large marble: Lucky, marbles: Arylide Yellow, Neon Dark Green, Beaver, Pale Goldenrod, Blue, Slate Blue, Indigo
22:48:04| Large marble: The Boss, marbles: Pastel Blue, Tuscan Brown, Mimi Pink, Mulberry, Antique Brass, Stop Red, Safety Yellow
22:48:04| Large marble: Zeus, marbles: Safety Yellow, Royal Red, Ruby, Light Orange, Middle Green Yellow, Thulian Pink, White Smoke
22:48:04| Large marble: Lucky, marbles: Ruby, Lavender Purple, Spanish Carmine, Purple Plum, Mint Green, Blue, Lilac Luster
22:48:04| Large marble: Lucky, marbles: Honeydew, Brown, Mimi Pink, Candy Pink, Stop Red, Pale Taupe, Platinum
22:48:04| Large marble: Apollo, marbles: Antique Brass, Spanish Orange, Purple Plum, Orange Soda, Venetian Red, Antique Bronze, Indigo
22:48:04| Large marble: Hercules, marbles: Pastel Blue, Russian Violet, Honeydew, Fiery Rose, Arylide Yellow, Liver Chestnut, Granny Smith Apple
22:48:04| Large marble: Spinner, marbles: Golden Yellow, Silver Pink, Cobalt Blue, Gold, Terra Cotta, Neon Dark Green, Golden Yellow
22:48:04| Large marble: 5-Star, marbles: Mint Cream, Spanish Carmine, Shandy, Mango Tango, Venetian Red, Maximum Violet, Icterine
22:48:04| Large marble: Spinner, marbles: Honeydew, Gold, Lavender Blue, La Salle Green, Shandy, Russian Green, Silver Pink
22:48:04| Large marble: Lucky, marbles: Rose Dust, Dark Fuchsia, Terra Cotta, Lumber, Slate Blue, Royal Blue, Candy Pink
22:48:04| Large marble: Zeus, marbles: Fiery Rose, Chinese Red, Outrageous Orange, Orange Soda, Venetian Red, Maximum Violet, Pale Plum
22:48:04| Large marble: Hercules, marbles: Auburn, Pale Goldenrod, Fiery Rose, Lilac Luster, Maximum Violet, Purple, Middle Green Yellow
22:48:04| Large marble: The Boss, marbles: Mint Cream, Mint Cream, Lemon Lime, Purple, Dark Moss Green, Chinese Red, Stop Red
22:48:04| Large marble: Zeus, marbles: Orange Soda, Spanish Orange, Mint Cream, Tuscan Brown, Terra Cotta, Blue Bell, Pastel Gray
22:48:04| Large marble: Apollo, marbles: Pale Cerulean, Arylide Yellow, Lumber, Emerald, White Smoke, Candy Pink, Tuscan Brown
22:48:04| Large marble: Lucky, marbles: Lavender Blue, Green, Brown, Lilac Luster, Maximum Purple, Black Coral, Emerald
22:48:04| Large marble: Spinner, marbles: Maximum Violet, Outrageous Orange, Blue, Royal Blue, Maximum Blue, Pastel Gray, Orange Peel
22:48:04| Large marble: The Boss, marbles: Duke Blue, Middle Green, Mimi Pink, Middle Green, Liver Chestnut, Eerie Black, Safety Yellow
22:48:04| Large marble: Spinner, marbles: Lumber, La Salle Green, Pale Cerulean, Ivory, Golden Yellow, Middle Green, Icterine
22:48:04| Large marble: Sure Shot, marbles: Auburn, Slate Blue, Platinum, Royal Red, Light Orange, Pastel Blue, Spanish Pink
22:48:04| Large marble: Apollo, marbles: Neon Dark Green, Orange Soda, Lemon Lime, Granny Smith Apple, Pale Cerulean, Pastel Blue, Maximum Violet
22:48:04| Large marble: The Boss, marbles: Neon Silver, Lavender Purple, Spanish Orange, Mimi Pink, Royal Orange, Dark Fuchsia, Vegas Gold
22:48:04| Large marble: The Boss, marbles: Eerie Black, Almond, Auburn, Neon Pink, Tuscan Brown, Neon Pink, Dark Fuchsia
22:48:04| Large marble: Winner, marbles: Golden Yellow, Antique Brass, Ivory, Blue Bell, Cobalt Blue, Vegas Gold, Pale Plum
22:48:04| Large marble: 5-Star, marbles: Maximum Blue, Russian Green, Spanish Orange, Lumber, Maximum Blue, Gold, Slate Blue
22:48:04| Large marble: 5-Star, marbles: Pale Cerulean, Pale Taupe, Blue-Green, Pastel Blue, Mulberry, Mint Cream, Middle Green Yellow
22:48:04| Large marble: 5-Star, marbles: Safety Yellow, Mint Green, Rose Quartz, Dark Moss Green, Eerie Black, Antique Brass, Tuscan Brown
22:48:04| Large marble: Hercules, marbles: Eerie Black, Blue-Green, Auburn, Antique Brass, Platinum, Mint Green, Orange Soda
22:48:04| Large marble: Hercules, marbles: Mango Tango, White Smoke, Brink Pink, Duke Blue, Orange Peel, Granny Smith Apple, Bistre Brown
22:48:04| Large marble: Sure Shot, marbles: Indigo, Light Orange, Duke Blue, Maximum Blue, Orange Soda, Ivory, Rose Dust
22:48:04| Large marble: Sure Shot, marbles: Venetian Red, Shandy, Antique Bronze, White Smoke, Ruby, Pale Taupe, Middle Red Purple
22:48:04| Large marble: Spinner, marbles: Pastel Gray, Pale Plum, Rose Dust, Pale Cerulean, Zomp, Purple Plum, Ivory
22:48:04| Large marble: Spinner, marbles: Neon Dark Green, Venetian Red, Candy Pink, Maximum Purple, Light Orange, White Smoke, Pale Goldenrod
22:48:04| Large marble: Lucky, marbles: Brink Pink, Duke Blue, Emerald, Antique Bronze, Rose Quartz, Eerie Black, Arylide Yellow
22:48:04| Large marble: The Boss, marbles: Shandy, Granny Smith Apple, Emerald, Royal Red, Cobalt Blue, Antique Brass, Middle Green
22:48:04| Large marble: Hercules, marbles: Lilac Luster, Orange Peel, Cobalt Blue, Spanish Carmine, Liver Chestnut, Spanish Pink, Russian Green
22:48:04| Large marble: Spinner, marbles: Russian Green, Slate Blue, Terra Cotta, Maximum Purple, Fiery Rose, Orange Soda, Antique Brass
22:48:04| Large marble: Lucky, marbles: Auburn, Lavender Purple, Mimi Pink, Indigo, Honeydew, Auburn, Venetian Red
22:48:04| Large marble: Apollo, marbles: Middle Red Purple, Silver Chalice, Stop Red, Duke Blue, Liver Chestnut, Royal Red, Royal Orange
22:48:04| Large marble: Apollo, marbles: Maximum Blue, Orange Peel, Lumber, Golden Yellow, Lavender Blue, Dark Moss Green, Pale Plum
22:48:04| Large marble: 5-Star, marbles: Lemon Lime, Royal Orange, Outrageous Orange, Lavender Purple, Pale Cerulean, Tuscan Brown, Pastel Gray
22:48:04| Large marble: Spinner, marbles: Rose Quartz, Ruby, Gold, Orange Soda, Big Dip O’ruby, Purple Plum, Arylide Yellow
22:48:04| Large marble: Sure Shot, marbles: Outrageous Orange, Safety Yellow, Light Orchid, Antique Brass, Pale Cerulean, Maximum Violet, Royal Red
22:48:04| Large marble: Lucky, marbles: La Salle Green, Gold, Spanish Pink, Gold, Icterine, Shandy, Antique Brass
22:48:04| Large marble: 5-Star, marbles: Mulberry, Orange Soda, Middle Green, Fiery Rose, Brown, Mulberry, Spanish Orange
22:48:04| Large marble: The Boss, marbles: Sage, Almond, Auburn, Light Orange, Maximum Purple, Candy Pink, Orange Soda
22:48:04| Large marble: Sure Shot, marbles: Blue, Russian Violet, Russian Green, Mulberry, Platinum, Brown, Chinese Red
22:48:04| Large marble: The Boss, marbles: Ruby, Blue Bell, Zomp, Mimi Pink, Sheen Green, Maximum Purple, Light Orange
22:48:04| Large marble: Lucky, marbles: Silver Chalice, Blue-Green, Maximum Blue, Outrageous Orange, Mode Beige, Slate Blue, Golden Yellow
22:48:04| Large marble: Lucky, marbles: Silver Pink, Spanish Orange, Purple, Light Orange, Pastel Gray, Sheen Green, Maximum Violet
22:48:04| Large marble: Sure Shot, marbles: Mango Tango, Big Dip O’ruby, Silver Chalice, Silver Pink, Shandy, Lavender Blue, Honeydew
22:48:04| Large marble: Sure Shot, marbles: Mulberry, Purple, Blue, Pale Plum, Liver Chestnut, Antique Brass, Mint Green
22:48:04| Large marble: 5-Star, marbles: Middle Green, Lavender Blue, Middle Green, Stop Red, Blue-Green, Silver Pink, Eerie Black
22:48:04| Large marble: Sure Shot, marbles: Rose Quartz, Neon Dark Green, Brown, Russian Green, Terra Cotta, Green, Blue-Green
22:48:04| Large marble: Spinner, marbles: Chinese Red, Candy Pink, Gold, Middle Green, Green, Lavender Purple, Lavender Purple
22:48:04| Large marble: Winner, marbles: Purple Plum, Purple Plum, Maximum Violet, Safety Yellow, Antique Bronze, Lavender Purple, Pale Plum
22:48:04| Large marble: 5-Star, marbles: Light Orchid, Honeydew, Antique Bronze, Neon Dark Green, Green, Venetian Red, Rose Dust
22:48:04| Large marble: Spinner, marbles: Rose Quartz, Cotton Candy, Maximum Violet, Beaver, Lilac Luster, Shandy, Mint Cream
22:48:04| Large marble: Spinner, marbles: Terra Cotta, Honeydew, Maximum Purple, Venetian Red, Brown, Mint Green, Brink Pink
22:48:04| Large marble: Sure Shot, marbles: Maximum Blue, Middle Red Purple, Neon Dark Green, Blue Bell, Dark Fuchsia, Shandy, Slate Blue
22:48:04| Large marble: Hercules, marbles: Russian Green, Purple Plum, Russian Violet, Auburn, Cotton Candy, Mint Cream, Royal Orange
22:48:04| Large marble: Spinner, marbles: Chinese Red, Orange Soda, Almond, Orange Soda, Silver Chalice, Ivory, Spanish Carmine
22:48:04| Large marble: Hercules, marbles: Icterine, Brink Pink, Candy Pink, Light Orange, Black Coral, Bistre Brown, Stop Red
22:48:04| Large marble: Sure Shot, marbles: Candy Pink, Outrageous Orange, Golden Yellow, Gold, Light Orchid, Russian Violet, White Smoke
22:48:04| Large marble: 5-Star, marbles: Lavender Purple, Pale Cerulean, Granny Smith Apple, Maximum Blue, Lavender Blue, Cobalt Blue, Purple
22:48:04| Large marble: Spinner, marbles: Mango Tango, Lumber, Indigo, Candy Pink, Fiery Rose, White Smoke, Middle Green Yellow
22:48:04| Large marble: Zeus, marbles: Light Orchid, Russian Green, Blue, Ruby, Russian Green, Isabelline, Fiery Rose
22:48:04| Large marble: Apollo, marbles: Brown, Gold, Neon Pink, Black Coral, Light Orange, Royal Orange, Mode Beige
22:48:04| Large marble: Spinner, marbles: Almond, Emerald, Middle Green, Pale Cerulean, Middle Green, Royal Red, Russian Violet
22:48:04| Large marble: Apollo, marbles: Royal Blue, Brink Pink, Eerie Black, Almond, Arylide Yellow, Pastel Blue, Shandy
22:48:04| Large marble: Sure Shot, marbles: Antique Brass, Middle Red Purple, Eerie Black, Safety Yellow, Venetian Red, Light Orchid, Almond
22:48:04| Large marble: 5-Star, marbles: Duke Blue, Dark Fuchsia, Maximum Purple, Beaver, Indigo, Outrageous Orange, Antique Brass
22:48:04| Large marble: Spinner, marbles: Royal Orange, Lavender Blue, Pale Taupe, Royal Orange, Brink Pink, Big Dip O’ruby, Indigo
22:48:04| Large marble: Apollo, marbles: Golden Yellow, Green, Ruby, Bistre Brown, Russian Green, Spanish Carmine, Lilac Luster
22:48:04| Large marble: Zeus, marbles: Neon Silver, Spanish Orange, Icterine, Middle Red Purple, Venetian Red, Pale Goldenrod, Mulberry
22:48:04| Large marble: Hercules, marbles: Safety Yellow, Gold, Orange Peel, Pastel Gray, Green, Mimi Pink, Golden Yellow
22:48:04| Large marble: Sure Shot, marbles: Pastel Blue, Spanish Carmine, Antique Brass, Big Dip O’ruby, Beaver, Brown, Middle Green
22:48:04| Large marble: 5-Star, marbles: Sheen Green, Lavender Blue, White Smoke, Lavender Purple, Thulian Pink, Pale Plum, Emerald
22:48:04| Large marble: 5-Star, marbles: Golden Yellow, La Salle Green, Pastel Gray, Blue, Isabelline, Venetian Red, Shandy
22:48:04| Large marble: Lucky, marbles: Candy Pink, Lavender Purple, Bistre Brown, Spanish Orange, Lumber, Antique Bronze, Spanish Pink
22:48:04| Large marble: Hercules, marbles: Lemon Lime, Gold, Lavender Blue, Light Orchid, Black Coral, Mulberry, Cotton Candy
22:48:04| Large marble: Apollo, marbles: Black Coral, Antique Bronze, Mint Cream, Cotton Candy, Russian Green, Vegas Gold, Maximum Purple
22:48:04| Large marble: Winner, marbles: Russian Violet, Liver Chestnut, Ruby, Middle Green Yellow, Arylide Yellow, Indigo, Lemon Lime
22:48:04| Large marble: Zeus, marbles: Neon Silver, Platinum, Silver Chalice, Rose Dust, Pale Goldenrod, Honeydew, Rose Dust
22:48:04| Large marble: Sure Shot, marbles: Big Dip O’ruby, Spanish Orange, Lumber, Blue-Green, Russian Violet, Indigo, Fiery Rose
22:48:04| Large marble: 5-Star, marbles: Icterine, Indigo, Middle Green Yellow, Liver Chestnut, Brown, Platinum, Purple Plum
22:48:04| Large marble: The Boss, marbles: Mulberry, Blue Bell, Pastel Gray, Dark Fuchsia, Pastel Blue, Sheen Green, Zomp
22:48:04| Large marble: 5-Star, marbles: Green, Liver Chestnut, Purple Plum, Brown, Middle Green, Mode Beige, Ivory
22:48:04| Large marble: Hercules, marbles: Brink Pink, Black Coral, Spanish Orange, Pale Plum, Royal Red, Middle Green Yellow, Gold
22:48:04| Large marble: Spinner, marbles: Purple Plum, Venetian Red, Auburn, Pale Plum, Eerie Black, Black Coral, Brink Pink
22:48:04| Large marble: Sure Shot, marbles: Beaver, Russian Green, Eerie Black, Vegas Gold, Almond, Pastel Blue, Maximum Purple
22:48:04| Large marble: Spinner, marbles: Light Orchid, Lumber, Pastel Gray, Rose Dust, La Salle Green, Dark Moss Green, Outrageous Orange
22:48:04| Large marble: Winner, marbles: Icterine, Silver Pink, Bistre Brown, Fiery Rose, Duke Blue, Honeydew, Middle Green
22:48:04| Large marble: Hercules, marbles: Antique Brass, Almond, Honeydew, Russian Green, Shandy, Arylide Yellow, Vegas Gold
22:48:04| Large marble: Hercules, marbles: Neon Dark Green, Middle Green Yellow, Sheen Green, Brink Pink, Sage, Mint Cream, Zomp
22:48:04| Large marble: Hercules, marbles: Eerie Black, Gold, Blue-Green, Thulian Pink, Lumber, White Smoke, Sage
22:48:04| Large marble: Spinner, marbles: Royal Orange, Spanish Carmine, Sheen Green, Lilac Luster, Candy Pink, Pale Taupe, Antique Bronze
22:48:04| Large marble: Apollo, marbles: Spanish Pink, Orange Soda, Pale Plum, Mint Green, Dark Moss Green, Tuscan Brown, Mint Cream
22:48:04| Large marble: Winner, marbles: Silver Chalice, Rose Dust, Safety Yellow, Golden Yellow, Pastel Gray, Royal Orange, Royal Orange
