22:44:47| Marble count                = 1000
22:44:47| settings["creator-delay"]   = 0.01
22:44:47| settings["bag-count"]       = 7
22:44:47| settings["bagger-delay"]    = 0.05
22:44:47| settings["assembler-delay"] = 0.05
22:44:47| settings["wrapper-delay"]   = 0.05
22:44:47| Create the processes
22:44:47| Starting the processes
22:44:47| Waiting for processes to finish
22:44:58| Contents of boxes.txt
22:44:58| Created - Large marble: Spinner, marbles: Neon Pink, Pale Taupe, Thulian Pink, Lavender Purple, Light Orchid, Light Orchid, Auburn
22:44:58| Created - Large marble: The Boss, marbles: Gold, Royal Blue, Mulberry, Zomp, Black Coral, Beaver, Brink Pink
22:44:58| Created - Large marble: Hercules, marbles: Silver Chalice, Indigo, Bistre Brown, White Smoke, Neon Pink, Antique Bronze, Beaver
22:44:58| Created - Large marble: Sure Shot, marbles: Eerie Black, Light Orange, Silver Pink, White Smoke, Icterine, Chinese Red, Blue Bell
22:44:58| Created - Large marble: Zeus, marbles: Purple Plum, Cobalt Blue, Chinese Red, Beaver, Isabelline, Middle Red Purple, Silver Chalice
22:44:58| Created - Large marble: Spinner, marbles: Rose Dust, Cotton Candy, Orange Peel, Platinum, Lilac Luster, Dark Fuchsia, Stop Red
22:44:58| Created - Large marble: Lucky, marbles: Lavender Purple, Spanish Pink, Lumber, Dark Fuchsia, White Smoke, Mode Beige, Auburn
22:44:58| Created - Large marble: 5-Star, marbles: Middle Red Purple, Maximum Blue, Chinese Red, Duke Blue, Tuscan Brown, Gold, Antique Bronze
22:44:58| Created - Large marble: Spinner, marbles: Black Coral, Maximum Purple, Golden Yellow, Silver Pink, Sheen Green, Antique Bronze, Granny Smith Apple
22:44:58| Created - Large marble: Hercules, marbles: Pale Cerulean, Sage, Brink Pink, Orange Soda, Brown, Cobalt Blue, Candy Pink
22:44:58| Created - Large marble: Hercules, marbles: Orange Peel, Spanish Carmine, Ruby, Mint Cream, Lavender Blue, Black Coral, Brink Pink
22:44:58| Created - Large marble: Winner, marbles: Antique Brass, Mint Green, Almond, Golden Yellow, Stop Red, Dark Fuchsia, Almond
22:44:58| Created - Large marble: Apollo, marbles: Pale Plum, Pastel Blue, Big Dip O’ruby, Shandy, Neon Pink, Middle Red Purple, Granny Smith Apple
22:44:58| Created - Large marble: Hercules, marbles: Spanish Carmine, Pastel Blue, Pale Taupe, Fiery Rose, Pale Cerulean, Dark Moss Green, Shandy
22:44:58| Created - Large marble: Lucky, marbles: Liver Chestnut, Neon Pink, Spanish Pink, Lavender Blue, Royal Orange, Middle Green, Mode Beige
22:44:58| Created - Large marble: Zeus, marbles: Neon Pink, Blue Bell, Mint Green, Almond, Vegas Gold, Indigo, Pale Plum
22:44:58| Created - Large marble: The Boss, marbles: Candy Pink, Antique Brass, Lavender Blue, Pale Plum, Rose Quartz, Sage, Royal Orange
22:44:58| Created - Large marble: 5-Star, marbles: Antique Bronze, Royal Orange, Fiery Rose, Mimi Pink, Royal Orange, Brown, Liver Chestnut
22:44:58| Created - Large marble: Spinner, marbles: Middle Red Purple, Pale Plum, Blue-Green, Lemon Lime, Slate Blue, Blue, Mango Tango
22:44:58| Created - Large marble: Apollo, marbles: Mode Beige, Light Orange, Light Orange, Vegas Gold, Light Orchid, Big Dip O’ruby, Spanish Orange
22:44:58| Created - Large marble: Spinner, marbles: Pastel Gray, Auburn, Purple, Granny Smith Apple, Lavender Blue, Antique Bronze, Candy Pink
22:44:58| Created - Large marble: The Boss, marbles: Mulberry, Spanish Orange, Pastel Blue, Pale Plum, Maximum Purple, Purple, La Salle Green
22:44:58| Created - Large marble: 5-Star, marbles: La Salle Green, Middle Green Yellow, Beaver, Gold, Rose Dust, Tuscan Brown, Orange Soda
22:44:58| Created - Large marble: Spinner, marbles: Royal Blue, Maximum Blue, Indigo, Cobalt Blue, Duke Blue, Mulberry, Sage
22:44:58| Created - Large marble: 5-Star, marbles: Neon Dark Green, Pale Goldenrod, Pale Goldenrod, Cotton Candy, Pale Taupe, Mode Beige, Mode Beige
22:44:58| Created - Large marble: Lucky, marbles: Gold, Russian Violet, Brink Pink, Mulberry, Indigo, Blue Bell, Gold
22:44:58| Created - Large marble: Winner, marbles: Russian Violet, Antique Brass, Mango Tango, Honeydew, Emerald, Lemon Lime, Lavender Purple
22:44:58| Created - Large marble: Apollo, marbles: Mimi Pink, Pale Cerulean, Indigo, Lavender Blue, Beaver, Candy Pink, Candy Pink
22:44:58| Created - Large marble: Spinner, marbles: Bistre Brown, Blue Bell, Neon Silver, Pale Plum, Platinum, Cobalt Blue, Green
22:44:58| Created - Large marble: Spinner, marbles: Royal Blue, Sheen Green, Golden Yellow, Royal Blue, Neon Pink, Spanish Carmine, Lemon Lime
22:44:58| Created - Large marble: Sure Shot, marbles: Liver Chestnut, Dark Fuchsia, Shandy, Sage, Outrageous Orange, Duke Blue, Auburn
22:44:58| Created - Large marble: Sure Shot, marbles: Vegas Gold, Pale Goldenrod, Big Dip O’ruby, Emerald, Rose Dust, Tuscan Brown, Big Dip O’ruby
22:44:58| Created - Large marble: Zeus, marbles: Russian Violet, Mint Cream, Duke Blue, Auburn, Middle Green, Pale Cerulean, Spanish Pink
22:44:58| Created - Large marble: The Boss, marbles: Royal Orange, Slate Blue, Middle Green, Blue, Blue-Green, Big Dip O’ruby, Gold
22:44:58| Created - Large marble: Zeus, marbles: Liver Chestnut, Safety Yellow, Gold, Lavender Blue, Beaver, Blue, Auburn
22:44:58| Created - Large marble: 5-Star, marbles: Platinum, Gold, White Smoke, Orange Soda, Safety Yellow, Russian Green, Gold
22:44:58| Created - Large marble: Lucky, marbles: Light Orchid, Liver Chestnut, Duke Blue, Middle Green, Pale Goldenrod, Liver Chestnut, Pale Plum
22:44:58| Created - Large marble: The Boss, marbles: Auburn, Mango Tango, Pastel Blue, Mode Beige, Candy Pink, Neon Pink, Neon Pink
22:44:58| Created - Large marble: Sure Shot, marbles: Duke Blue, Mode Beige, Maximum Violet, Brink Pink, Lilac Luster, Light Orchid, Venetian Red
22:44:58| Created - Large marble: Hercules, marbles: Purple Plum, Rose Dust, Cotton Candy, Zomp, Indigo, Gold, La Salle Green
22:44:58| Created - Large marble: Sure Shot, marbles: Russian Green, Purple Plum, Ivory, Shandy, Lavender Blue, Pale Cerulean, Dark Moss Green
22:44:58| Created - Large marble: Spinner, marbles: Venetian Red, Orange Soda, Candy Pink, Venetian Red, Zomp, Purple Plum, Orange Soda
22:44:58| Created - Large marble: Apollo, marbles: Lilac Luster, Antique Brass, Russian Green, Orange Peel, Silver Chalice, Beaver, Ivory
22:44:58| Created - Large marble: The Boss, marbles: Mint Cream, Mint Cream, Mode Beige, Cotton Candy, Silver Pink, Purple, Orange Soda
22:44:58| Created - Large marble: 5-Star, marbles: Neon Dark Green, Neon Dark Green, Silver Pink, Sage, Duke Blue, Maximum Blue, Pastel Gray
22:44:58| Created - Large marble: Winner, marbles: Emerald, Emerald, Spanish Orange, Maximum Purple, Brink Pink, Mode Beige, Indigo
22:44:58| Created - Large marble: Spinner, marbles: Antique Bronze, Ivory, Spanish Pink, Royal Red, Auburn, Spanish Orange, Vegas Gold
22:44:58| Created - Large marble: Lucky, marbles: Venetian Red, Eerie Black, Gold, Candy Pink, Almond, Blue Bell, Mint Green
22:44:58| Created - Large marble: Sure Shot, marbles: Sheen Green, Middle Green, Sage, Almond, Chinese Red, Maximum Purple, Silver Chalice
22:44:58| Created - Large marble: Zeus, marbles: Middle Green, Venetian Red, Lilac Luster, Maximum Purple, Zomp, Eerie Black, Liver Chestnut
22:44:58| Created - Large marble: Spinner, marbles: Pale Cerulean, Mango Tango, Orange Soda, Brink Pink, Emerald, Slate Blue, Candy Pink
22:44:58| Created - Large marble: 5-Star, marbles: Arylide Yellow, Honeydew, Pastel Gray, Outrageous Orange, Lemon Lime, Ruby, Rose Quartz
22:44:58| Created - Large marble: 5-Star, marbles: Slate Blue, Liver Chestnut, Emerald, Blue-Green, Lavender Purple, Lemon Lime, Safety Yellow
22:44:58| Created - Large marble: Winner, marbles: Lilac Luster, Beaver, Honeydew, Lilac Luster, Thulian Pink, Pale Goldenrod, Pastel Gray
22:44:58| Created - Large marble: Sure Shot, marbles: Lemon Lime, Antique Bronze, Maximum Violet, Sage, Terra Cotta, Vegas Gold, Maximum Violet
22:44:58| Created - Large marble: Spinner, marbles: Platinum, Venetian Red, Lemon Lime, Rose Quartz, Thulian Pink, Rose Dust, Orange Soda
22:44:58| Created - Large marble: Sure Shot, marbles: Lumber, Royal Orange, Cotton Candy, Ruby, Silver Pink, White Smoke, Light Orange
22:44:58| Created - Large marble: 5-Star, marbles: Mimi Pink, Royal Red, Arylide Yellow, Mulberry, Dark Moss Green, Middle Green Yellow, Purple
22:44:58| Created - Large marble: Apollo, marbles: Gold, Safety Yellow, Liver Chestnut, Lilac Luster, Candy Pink, Russian Green, Isabelline
22:44:58| Created - Large marble: Zeus, marbles: Gold, Zomp, Maximum Violet, Sheen Green, Middle Green, Chinese Red, Outrageous Orange
22:44:58| Created - Large marble: Sure Shot, marbles: Mint Cream, Royal Red, Golden Yellow, Spanish Orange, Neon Dark Green, Russian Violet, Lumber
22:44:58| Created - Large marble: 5-Star, marbles: Maximum Blue, Vegas Gold, Terra Cotta, Duke Blue, Light Orchid, Mint Green, Blue-Green
22:44:58| Created - Large marble: Zeus, marbles: Maximum Violet, Mimi Pink, Venetian Red, Sage, Silver Chalice, Purple Plum, Cotton Candy
22:44:58| Created - Large marble: Lucky, marbles: Middle Green, Cotton Candy, Fiery Rose, Indigo, Liver Chestnut, Mango Tango, Dark Fuchsia
22:44:58| Created - Large marble: Winner, marbles: White Smoke, Antique Bronze, Purple, Gold, Mulberry, Purple, Gold
22:44:58| Created - Large marble: 5-Star, marbles: Brink Pink, Pastel Gray, Lumber, Orange Soda, Slate Blue, Royal Red, Black Coral
22:44:58| Created - Large marble: Hercules, marbles: Stop Red, Golden Yellow, Russian Green, Lavender Purple, Lavender Purple, Green, Cobalt Blue
22:44:58| Created - Large marble: Spinner, marbles: Venetian Red, Honeydew, Spanish Pink, Rose Quartz, Light Orange, Brown, Liver Chestnut
22:44:58| Created - Large marble: Winner, marbles: Sage, Liver Chestnut, Golden Yellow, Honeydew, Antique Brass, Orange Soda, Mimi Pink
22:44:58| Created - Large marble: Sure Shot, marbles: Orange Peel, Mimi Pink, Chinese Red, Shandy, Auburn, Beaver, Indigo
22:44:58| Created - Large marble: Zeus, marbles: Safety Yellow, Light Orange, Venetian Red, Maximum Violet, La Salle Green, Royal Red, Silver Chalice
22:44:58| Created - Large marble: Spinner, marbles: Orange Peel, Vegas Gold, Liver Chestnut, Honeydew, Mode Beige, Mint Green, Chinese Red
22:44:58| Created - Large marble: Spinner, marbles: Silver Chalice, Chinese Red, Sage, Honeydew, Big Dip O’ruby, Eerie Black, Golden Yellow
22:44:58| Created - Large marble: 5-Star, marbles: Mint Cream, Dark Moss Green, Slate Blue, Orange Soda, Orange Soda, Royal Blue, Almond
22:44:58| Created - Large marble: The Boss, marbles: Shandy, Eerie Black, Brink Pink, Isabelline, Dark Moss Green, Mode Beige, Icterine
22:44:58| Created - Large marble: Lucky, marbles: White Smoke, Gold, Brink Pink, Middle Red Purple, Zomp, Pastel Gray, Venetian Red
22:44:58| Created - Large marble: Apollo, marbles: Brown, Pastel Gray, Terra Cotta, Mulberry, Big Dip O’ruby, Platinum, Pastel Gray
22:44:58| Created - Large marble: Hercules, marbles: White Smoke, Orange Peel, Silver Pink, Icterine, Neon Pink, Royal Orange, Safety Yellow
22:44:58| Created - Large marble: The Boss, marbles: Emerald, Maximum Blue, Eerie Black, Candy Pink, Neon Pink, Lilac Luster, Pastel Blue
22:44:58| Created - Large marble: Apollo, marbles: Fiery Rose, Stop Red, Almond, Auburn, Light Orchid, Safety Yellow, Zomp
22:44:58| Created - Large marble: Zeus, marbles: Candy Pink, Mint Cream, Light Orchid, Venetian Red, White Smoke, Neon Dark Green, Ivory
22:44:58| Created - Large marble: Spinner, marbles: Spanish Pink, Lilac Luster, Terra Cotta, Arylide Yellow, Thulian Pink, Brown, Zomp
22:44:58| Created - Large marble: The Boss, marbles: Indigo, Brink Pink, Pale Goldenrod, Mint Green, Pale Plum, Neon Silver, Orange Soda
22:44:58| Created - Large marble: Lucky, marbles: Light Orchid, Venetian Red, Auburn, Blue Bell, Spanish Pink, Orange Soda, Brink Pink
22:44:58| Created - Large marble: Lucky, marbles: Brown, Middle Green Yellow, Beaver, Sheen Green, Candy Pink, Spanish Orange, Tuscan Brown
22:44:58| Created - Large marble: Spinner, marbles: Eerie Black, Pastel Gray, Pastel Gray, Thulian Pink, Liver Chestnut, Emerald, Terra Cotta
22:44:58| Created - Large marble: Winner, marbles: Maximum Blue, Mode Beige, Russian Green, Middle Red Purple, Sheen Green, Maximum Blue, Pastel Blue
22:44:58| Created - Large marble: 5-Star, marbles: Antique Brass, Light Orange, Golden Yellow, Brown, Icterine, Pale Taupe, Pale Taupe
22:44:58| Created - Large marble: Lucky, marbles: Fiery Rose, Middle Green Yellow, Brown, Slate Blue, White Smoke, White Smoke, Beaver
22:44:58| Created - Large marble: Sure Shot, marbles: Platinum, Pale Taupe, Outrageous Orange, Lilac Luster, Gold, Royal Red, Rose Dust
22:44:58| Created - Large marble: Apollo, marbles: Mulberry, Antique Brass, Isabelline, Almond, Icterine, Liver Chestnut, Light Orchid
22:44:58| Created - Large marble: Winner, marbles: Mode Beige, Almond, Black Coral, Mint Green, Green, Vegas Gold, Sheen Green
22:44:58| Created - Large marble: The Boss, marbles: Safety Yellow, Auburn, Auburn, Russian Violet, Mode Beige, Royal Orange, Candy Pink
22:44:58| Created - Large marble: Apollo, marbles: Cobalt Blue, Royal Blue, Isabelline, Spanish Pink, Pastel Gray, Lilac Luster, Blue
22:44:58| Created - Large marble: Hercules, marbles: Emerald, Russian Green, Terra Cotta, Outrageous Orange, Royal Blue, Pale Taupe, Candy Pink
22:44:58| Created - Large marble: The Boss, marbles: Sage, White Smoke, Blue, Golden Yellow, Mint Green, Royal Orange, Brown
22:44:58| Created - Large marble: 5-Star, marbles: Spanish Carmine, Lilac Luster, Pastel Gray, La Salle Green, Sheen Green, Granny Smith Apple, Indigo
22:44:58| Created - Large marble: Sure Shot, marbles: Mimi Pink, Dark Moss Green, Sheen Green, Green, Icterine, Rose Quartz, Venetian Red
22:44:58| Created - Large marble: Apollo, marbles: Lilac Luster, Orange Peel, Sage, Silver Pink, Slate Blue, Neon Pink, Thulian Pink
22:44:58| Created - Large marble: Winner, marbles: Arylide Yellow, Lilac Luster, Eerie Black, Lumber, Lavender Purple, Thulian Pink, Mimi Pink
22:44:58| Created - Large marble: The Boss, marbles: Safety Yellow, Orange Soda, Golden Yellow, Spanish Orange, Safety Yellow, Auburn, Tuscan Brown
22:44:58| Created - Large marble: 5-Star, marbles: Brown, Light Orange, Granny Smith Apple, Outrageous Orange, Purple Plum, Silver Pink, Gold
22:44:58| Created - Large marble: Hercules, marbles: Mango Tango, Gold, Auburn, Honeydew, Orange Peel, Almond, Russian Violet
22:44:58| Created - Large marble: Sure Shot, marbles: Silver Chalice, Beaver, Mimi Pink, White Smoke, Terra Cotta, Lavender Purple, Lemon Lime
22:44:58| Created - Large marble: Apollo, marbles: Spanish Pink, Spanish Pink, Granny Smith Apple, Eerie Black, Cobalt Blue, Rose Quartz, Rose Dust
22:44:58| Created - Large marble: Lucky, marbles: Spanish Pink, Royal Red, Cobalt Blue, Spanish Pink, Antique Bronze, Indigo, Spanish Carmine
22:44:58| Created - Large marble: Apollo, marbles: Lavender Blue, Black Coral, Light Orange, La Salle Green, Blue-Green, Venetian Red, Orange Soda
22:44:58| Created - Large marble: Winner, marbles: Russian Violet, Terra Cotta, Icterine, Light Orchid, Middle Green, Middle Green Yellow, Royal Orange
22:44:58| Created - Large marble: 5-Star, marbles: Cobalt Blue, Maximum Violet, Spanish Pink, Lumber, Emerald, Royal Blue, Lavender Purple
22:44:58| Created - Large marble: 5-Star, marbles: Blue Bell, Arylide Yellow, Gold, Rose Dust, Light Orchid, Pale Cerulean, Mint Green
22:44:58| Created - Large marble: The Boss, marbles: Cobalt Blue, Lilac Luster, Spanish Orange, Lilac Luster, Candy Pink, Light Orange, Silver Pink
22:44:58| Created - Large marble: Zeus, marbles: Blue-Green, Dark Fuchsia, Silver Pink, Maximum Blue, Lilac Luster, Lumber, Blue
22:44:58| Created - Large marble: The Boss, marbles: Brown, Auburn, Fiery Rose, Orange Peel, White Smoke, Russian Green, Lemon Lime
22:44:58| Created - Large marble: Apollo, marbles: Shandy, Mango Tango, Neon Silver, Black Coral, Rose Quartz, Emerald, Middle Green Yellow
22:44:58| Created - Large marble: Sure Shot, marbles: Blue Bell, Cotton Candy, Shandy, Chinese Red, Auburn, Dark Moss Green, Pale Taupe
22:44:58| Created - Large marble: Zeus, marbles: Orange Soda, Maximum Purple, Spanish Carmine, Orange Soda, Brink Pink, Ruby, Thulian Pink
22:44:58| Created - Large marble: Sure Shot, marbles: Outrageous Orange, Royal Blue, Pastel Gray, Orange Peel, Royal Orange, Auburn, Isabelline
22:44:58| Created - Large marble: Lucky, marbles: Mint Cream, Orange Soda, Silver Chalice, Emerald, Arylide Yellow, Mint Green, Rose Dust
22:44:58| Created - Large marble: The Boss, marbles: Candy Pink, Light Orchid, Granny Smith Apple, Cotton Candy, Pale Cerulean, Maximum Blue, Silver Pink
22:44:58| Created - Large marble: Sure Shot, marbles: Pastel Gray, Cobalt Blue, Antique Brass, Slate Blue, Middle Green Yellow, Spanish Orange, Purple Plum
22:44:58| Created - Large marble: Sure Shot, marbles: Light Orchid, Slate Blue, White Smoke, Thulian Pink, Arylide Yellow, Purple Plum, Spanish Pink
22:44:58| Created - Large marble: Zeus, marbles: Terra Cotta, Gold, Middle Green Yellow, Silver Pink, Rose Dust, Rose Quartz, Golden Yellow
22:44:58| Created - Large marble: Sure Shot, marbles: Lemon Lime, Cotton Candy, Eerie Black, Middle Green Yellow, Golden Yellow, Royal Orange, Mimi Pink
22:44:58| Created - Large marble: Sure Shot, marbles: Spanish Pink, Light Orange, Brink Pink, Stop Red, Dark Fuchsia, Blue Bell, Mango Tango
22:44:58| Created - Large marble: 5-Star, marbles: Lavender Blue, Honeydew, Honeydew, Lavender Purple, Spanish Carmine, Purple, Lilac Luster
22:44:58| Created - Large marble: Winner, marbles: Granny Smith Apple, Ivory, Arylide Yellow, Safety Yellow, Russian Green, Honeydew, Spanish Pink
22:44:58| Created - Large marble: Winner, marbles: White Smoke, Rose Quartz, Dark Fuchsia, Honeydew, Shandy, Pale Goldenrod, Royal Blue
22:44:58| Created - Large marble: The Boss, marbles: Emerald, Orange Peel, Gold, Maximum Purple, Maximum Blue, Fiery Rose, Antique Brass
22:44:58| Created - Large marble: The Boss, marbles: Spanish Orange, Brink Pink, Light Orchid, Cotton Candy, Antique Bronze, Royal Red, Blue Bell
22:44:58| Created - Large marble: Hercules, marbles: Mint Cream, Mango Tango, Bistre Brown, Zomp, Royal Orange, Middle Green, Mode Beige
22:44:58| Created - Large marble: Hercules, marbles: Sheen Green, Pale Taupe, Pastel Blue, Blue-Green, Neon Silver, Cobalt Blue, Pale Cerulean
22:44:58| Created - Large marble: 5-Star, marbles: Thulian Pink, Pale Cerulean, Fiery Rose, Royal Blue, Sage, Lavender Purple, Sheen Green
22:44:58| Created - Large marble: Winner, marbles: Lavender Blue, Fiery Rose, Pale Plum, Mimi Pink, Pale Plum, Venetian Red, Gold
22:44:58| Created - Large marble: Hercules, marbles: Brink Pink, Royal Red, Golden Yellow, Black Coral, Mint Green, Purple Plum, Honeydew
22:44:58| Created - Large marble: Winner, marbles: Gold, Cobalt Blue, Mint Green, Pale Cerulean, Neon Dark Green, Safety Yellow, Auburn
22:44:58| Created - Large marble: Sure Shot, marbles: Zomp, Platinum, Honeydew, Rose Quartz, Orange Peel, Zomp, Honeydew
22:44:58| Created - Large marble: Zeus, marbles: Blue-Green, Brink Pink, Mint Green, Russian Green, Almond, Maximum Purple, Terra Cotta
22:44:58| Created - Large marble: Zeus, marbles: Purple Plum, Mulberry, Icterine, Venetian Red, Maximum Violet, Icterine, Brown
22:44:58| Created - Large marble: Apollo, marbles: Royal Red, Safety Yellow, Dark Moss Green, Middle Green, La Salle Green, Maximum Purple, Mint Green
22:44:58| Created - Large marble: Apollo, marbles: Gold, Golden Yellow, Safety Yellow, Middle Green Yellow, Shandy, Tuscan Brown, Dark Fuchsia
22:44:58| Created - Large marble: Hercules, marbles: Orange Soda, Light Orchid, Neon Dark Green, Bistre Brown, Chinese Red, Royal Red, Lavender Purple
22:44:58| Created - Large marble: The Boss, marbles: Russian Violet, Light Orange, Brown, Brink Pink, Blue, Lumber, Mimi Pink
